2026-01-28 21:10:58,892 - INFO - Starting main execution
2026-01-28 21:10:58,893 - INFO - Parsing configuration file
2026-01-28 21:10:58,894 - INFO - Configuration loaded: {'pcd_path': '/home/pedro/Documents/Documents/projects/pointcloud/zim_results/output/maibach_street.las', 'model_path': '/home/pedro/Documents/Documents/projects/pointcloud/zim_results/ml_models/trained_model/curb_rf_final_26.pkl', 'output_path': '/home/pedro/Documents/Documents/projects/pointcloud/zim_results/output/segmenatation_results/maibach_curb/rf_0.7.las', 'crs': 'EPSG:25832', 'saturation_filter': 0.2}
2026-01-28 21:10:59,934 - INFO - Point cloud loaded with shape: (3225203, 6)
2026-01-28 21:10:59,934 - INFO - Extracting features with radius: 0.2
2026-01-28 21:11:05,641 - INFO - Extracting features with radius: 0.3
2026-01-28 21:11:12,578 - INFO - Extracting features with radius: 0.5
2026-01-28 21:11:24,242 - INFO - Extracting features with radius: 0.7
2026-01-28 21:11:42,838 - INFO - Features extracted with shape: (3225077, 34)
2026-01-28 21:11:45,779 - INFO - Model loaded from /home/pedro/Documents/Documents/projects/pointcloud/zim_results/ml_models/trained_model/curb_rf_final_26.pkl
2026-01-28 21:11:49,542 - INFO - Predictions made with shape: (9471,)
2026-01-28 21:11:49,542 - INFO - Filtered predictions shape: (9471,)
2026-01-28 21:11:49,542 - INFO - Writing results to /home/pedro/Documents/Documents/projects/pointcloud/zim_results/output/segmenatation_results/maibach_curb/rf_0.7.las
2026-01-28 21:11:49,563 - INFO - Filtered 9471 points with classification 1
2026-01-28 21:11:49,563 - INFO - After saturation filter: 9329 points remaining
2026-01-28 21:11:49,568 - INFO - Downsampled to 305 points
2026-01-28 21:11:49,568 - INFO - Saved curb points to /home/pedro/Documents/Documents/projects/pointcloud/zim_results/output/segmenatation_results/maibach_curb/rf_0.7_curb_class1.las
2026-01-28 21:11:52,119 - INFO - Created 305 records
2026-01-28 21:11:52,119 - INFO - Saved shapefile to /home/pedro/Documents/Documents/projects/pointcloud/zim_results/output/segmenatation_results/maibach_curb/rf_0.7_curb_class1.shp
2026-01-28 21:13:09,253 - INFO - Starting main execution
2026-01-28 21:13:09,253 - INFO - Parsing configuration file
2026-01-28 21:13:09,254 - INFO - Configuration loaded: {'pcd_path': '/home/pedro/Documents/Documents/projects/pointcloud/zim_results/output/poppenhausen_street.las', 'model_path': '/home/pedro/Documents/Documents/projects/pointcloud/zim_results/ml_models/trained_model/curb_rf_final_26.pkl', 'output_path': '/home/pedro/Documents/Documents/projects/pointcloud/zim_results/output/segmenatation_results/poppenhausen_curb/rf_0.7.las', 'crs': 'EPSG:25832', 'saturation_filter': 0.2}
2026-01-28 21:13:10,926 - INFO - Point cloud loaded with shape: (3528696, 6)
2026-01-28 21:13:10,926 - INFO - Extracting features with radius: 0.2
2026-01-28 21:13:16,162 - INFO - Extracting features with radius: 0.3
2026-01-28 21:13:21,971 - INFO - Extracting features with radius: 0.5
2026-01-28 21:13:30,175 - INFO - Extracting features with radius: 0.7
2026-01-28 21:13:42,452 - INFO - Features extracted with shape: (3528431, 34)
2026-01-28 21:13:42,767 - INFO - Model loaded from /home/pedro/Documents/Documents/projects/pointcloud/zim_results/ml_models/trained_model/curb_rf_final_26.pkl
2026-01-28 21:13:46,927 - INFO - Predictions made with shape: (2531,)
2026-01-28 21:13:46,927 - INFO - Filtered predictions shape: (2531,)
2026-01-28 21:13:46,927 - INFO - Writing results to /home/pedro/Documents/Documents/projects/pointcloud/zim_results/output/segmenatation_results/poppenhausen_curb/rf_0.7.las
2026-01-28 21:13:46,948 - INFO - Filtered 2531 points with classification 1
2026-01-28 21:13:46,948 - INFO - After saturation filter: 2470 points remaining
2026-01-28 21:13:46,949 - INFO - Downsampled to 426 points
2026-01-28 21:13:46,950 - INFO - Saved curb points to /home/pedro/Documents/Documents/projects/pointcloud/zim_results/output/segmenatation_results/poppenhausen_curb/rf_0.7_curb_class1.las
2026-01-28 21:13:46,978 - INFO - Created 426 records
2026-01-28 21:13:46,978 - INFO - Saved shapefile to /home/pedro/Documents/Documents/projects/pointcloud/zim_results/output/segmenatation_results/poppenhausen_curb/rf_0.7_curb_class1.shp
2026-01-28 21:15:10,658 - INFO - Starting main execution
2026-01-28 21:15:10,659 - INFO - Parsing configuration file
2026-01-28 21:15:10,660 - INFO - Configuration loaded: {'pcd_path': '/home/pedro/Documents/Documents/projects/pointcloud/zim_results/output/poppenhausen_street.las', 'model_path': '/home/pedro/Documents/Documents/projects/pointcloud/zim_results/ml_models/trained_model/curb_xg_final_26.pkl', 'output_path': '/home/pedro/Documents/Documents/projects/pointcloud/zim_results/output/segmenatation_results/poppenhausen_curb/xg_0.7.las', 'crs': 'EPSG:25832', 'saturation_filter': 0.2, 'probability_threshold': 0.7}
2026-01-28 21:15:10,836 - INFO - Point cloud loaded with shape: (3528696, 6)
2026-01-28 21:15:10,836 - INFO - Extracting features with radius: 0.2
2026-01-28 21:15:16,127 - INFO - Extracting features with radius: 0.3
2026-01-28 21:15:21,987 - INFO - Extracting features with radius: 0.5
2026-01-28 21:15:29,757 - INFO - Extracting features with radius: 0.7
2026-01-28 21:15:41,605 - INFO - Features extracted with shape: (3528431, 34)
2026-01-28 21:15:42,686 - INFO - Model loaded from /home/pedro/Documents/Documents/projects/pointcloud/zim_results/ml_models/trained_model/curb_xg_final_26.pkl
2026-01-28 21:15:45,883 - INFO - Predictions made with shape: (7724,)
2026-01-28 21:15:45,883 - INFO - Filtered predictions shape: (7724,)
2026-01-28 21:15:45,883 - INFO - Writing results to /home/pedro/Documents/Documents/projects/pointcloud/zim_results/output/segmenatation_results/poppenhausen_curb/xg_0.7.las
2026-01-28 21:15:45,906 - INFO - Filtered 7724 points with classification 1
2026-01-28 21:15:45,906 - INFO - After saturation filter: 6784 points remaining
2026-01-28 21:15:45,909 - INFO - Downsampled to 1145 points
2026-01-28 21:15:45,910 - INFO - Saved curb points to /home/pedro/Documents/Documents/projects/pointcloud/zim_results/output/segmenatation_results/poppenhausen_curb/xg_0.7_curb_class1.las
2026-01-28 21:15:45,947 - INFO - Created 1,145 records
2026-01-28 21:15:45,948 - INFO - Saved shapefile to /home/pedro/Documents/Documents/projects/pointcloud/zim_results/output/segmenatation_results/poppenhausen_curb/xg_0.7_curb_class1.shp
2026-01-28 21:16:31,743 - INFO - Starting main execution
2026-01-28 21:16:31,743 - INFO - Parsing configuration file
2026-01-28 21:16:31,744 - INFO - Configuration loaded: {'pcd_path': '/home/pedro/Documents/Documents/projects/pointcloud/zim_results/output/poppenhausen_street.las', 'model_path': '/home/pedro/Documents/Documents/projects/pointcloud/zim_results/ml_models/trained_model/curb_xg_final_26.pkl', 'output_path': '/home/pedro/Documents/Documents/projects/pointcloud/zim_results/output/segmenatation_results/poppenhausen_curb/xg_0.8.las', 'crs': 'EPSG:25832', 'saturation_filter': 0.2, 'probability_threshold': 0.8}
2026-01-28 21:16:31,924 - INFO - Point cloud loaded with shape: (3528696, 6)
2026-01-28 21:16:31,924 - INFO - Extracting features with radius: 0.2
2026-01-28 21:16:37,209 - INFO - Extracting features with radius: 0.3
2026-01-28 21:16:43,132 - INFO - Extracting features with radius: 0.5
2026-01-28 21:16:51,011 - INFO - Extracting features with radius: 0.7
2026-01-28 21:17:02,963 - INFO - Features extracted with shape: (3528431, 34)
2026-01-28 21:17:03,005 - INFO - Model loaded from /home/pedro/Documents/Documents/projects/pointcloud/zim_results/ml_models/trained_model/curb_xg_final_26.pkl
2026-01-28 21:17:06,173 - INFO - Predictions made with shape: (6117,)
2026-01-28 21:17:06,173 - INFO - Filtered predictions shape: (6117,)
2026-01-28 21:17:06,173 - INFO - Writing results to /home/pedro/Documents/Documents/projects/pointcloud/zim_results/output/segmenatation_results/poppenhausen_curb/xg_0.8.las
2026-01-28 21:17:06,195 - INFO - Filtered 6117 points with classification 1
2026-01-28 21:17:06,195 - INFO - After saturation filter: 5349 points remaining
2026-01-28 21:17:06,197 - INFO - Downsampled to 961 points
2026-01-28 21:17:06,198 - INFO - Saved curb points to /home/pedro/Documents/Documents/projects/pointcloud/zim_results/output/segmenatation_results/poppenhausen_curb/xg_0.8_curb_class1.las
2026-01-28 21:17:06,235 - INFO - Created 961 records
2026-01-28 21:17:06,235 - INFO - Saved shapefile to /home/pedro/Documents/Documents/projects/pointcloud/zim_results/output/segmenatation_results/poppenhausen_curb/xg_0.8_curb_class1.shp
2026-01-28 21:17:49,320 - INFO - Starting main execution
2026-01-28 21:17:49,321 - INFO - Parsing configuration file
2026-01-28 21:17:49,321 - INFO - Configuration loaded: {'pcd_path': '/home/pedro/Documents/Documents/projects/pointcloud/zim_results/output/poppenhausen_street.las', 'model_path': '/home/pedro/Documents/Documents/projects/pointcloud/zim_results/ml_models/trained_model/curb_xg_final_26.pkl', 'output_path': '/home/pedro/Documents/Documents/projects/pointcloud/zim_results/output/segmenatation_results/poppenhausen_curb/xg_0.9.las', 'crs': 'EPSG:25832', 'saturation_filter': 0.2, 'probability_threshold': 0.9}
2026-01-28 21:17:49,508 - INFO - Point cloud loaded with shape: (3528696, 6)
2026-01-28 21:17:49,508 - INFO - Extracting features with radius: 0.2
2026-01-28 21:17:54,827 - INFO - Extracting features with radius: 0.3
2026-01-28 21:18:00,700 - INFO - Extracting features with radius: 0.5
2026-01-28 21:18:08,612 - INFO - Extracting features with radius: 0.7
2026-01-28 21:18:20,913 - INFO - Features extracted with shape: (3528431, 34)
2026-01-28 21:18:20,957 - INFO - Model loaded from /home/pedro/Documents/Documents/projects/pointcloud/zim_results/ml_models/trained_model/curb_xg_final_26.pkl
2026-01-28 21:18:24,107 - INFO - Predictions made with shape: (4216,)
2026-01-28 21:18:24,107 - INFO - Filtered predictions shape: (4216,)
2026-01-28 21:18:24,107 - INFO - Writing results to /home/pedro/Documents/Documents/projects/pointcloud/zim_results/output/segmenatation_results/poppenhausen_curb/xg_0.9.las
2026-01-28 21:18:24,129 - INFO - Filtered 4216 points with classification 1
2026-01-28 21:18:24,129 - INFO - After saturation filter: 3694 points remaining
2026-01-28 21:18:24,132 - INFO - Downsampled to 730 points
2026-01-28 21:18:24,133 - INFO - Saved curb points to /home/pedro/Documents/Documents/projects/pointcloud/zim_results/output/segmenatation_results/poppenhausen_curb/xg_0.9_curb_class1.las
2026-01-28 21:18:24,168 - INFO - Created 730 records
2026-01-28 21:18:24,169 - INFO - Saved shapefile to /home/pedro/Documents/Documents/projects/pointcloud/zim_results/output/segmenatation_results/poppenhausen_curb/xg_0.9_curb_class1.shp
2026-01-28 21:18:28,522 - INFO - Starting main execution
2026-01-28 21:18:28,523 - INFO - Parsing configuration file
2026-01-28 21:18:28,523 - INFO - Configuration loaded: {'pcd_path': '/home/pedro/Documents/Documents/projects/pointcloud/zim_results/output/poppenhausen_street.las', 'model_path': '/home/pedro/Documents/Documents/projects/pointcloud/zim_results/ml_models/trained_model/curb_xg_final_26.pkl', 'output_path': '/home/pedro/Documents/Documents/projects/pointcloud/zim_results/output/segmenatation_results/poppenhausen_curb/xg_0.9.las', 'crs': 'EPSG:25832', 'saturation_filter': 0.15, 'probability_threshold': 0.9}
2026-01-28 21:18:28,692 - INFO - Point cloud loaded with shape: (3528696, 6)
2026-01-28 21:18:28,692 - INFO - Extracting features with radius: 0.2
2026-01-28 21:18:34,017 - INFO - Extracting features with radius: 0.3
2026-01-28 21:18:39,889 - INFO - Extracting features with radius: 0.5
2026-01-28 21:18:47,777 - INFO - Extracting features with radius: 0.7
2026-01-28 21:18:59,655 - INFO - Features extracted with shape: (3528431, 34)
2026-01-28 21:18:59,700 - INFO - Model loaded from /home/pedro/Documents/Documents/projects/pointcloud/zim_results/ml_models/trained_model/curb_xg_final_26.pkl
2026-01-28 21:19:02,830 - INFO - Predictions made with shape: (4216,)
2026-01-28 21:19:02,830 - INFO - Filtered predictions shape: (4216,)
2026-01-28 21:19:02,830 - INFO - Writing results to /home/pedro/Documents/Documents/projects/pointcloud/zim_results/output/segmenatation_results/poppenhausen_curb/xg_0.9.las
2026-01-28 21:19:02,852 - INFO - Filtered 4216 points with classification 1
2026-01-28 21:19:02,853 - INFO - After saturation filter: 3437 points remaining
2026-01-28 21:19:02,854 - INFO - Downsampled to 702 points
2026-01-28 21:19:02,855 - INFO - Saved curb points to /home/pedro/Documents/Documents/projects/pointcloud/zim_results/output/segmenatation_results/poppenhausen_curb/xg_0.9_curb_class1.las
2026-01-28 21:19:02,888 - INFO - Created 702 records
2026-01-28 21:19:02,888 - INFO - Saved shapefile to /home/pedro/Documents/Documents/projects/pointcloud/zim_results/output/segmenatation_results/poppenhausen_curb/xg_0.9_curb_class1.shp
2026-01-28 21:20:10,015 - INFO - Starting main execution
2026-01-28 21:20:10,015 - INFO - Parsing configuration file
2026-01-28 21:20:10,016 - INFO - Configuration loaded: {'pcd_path': '/home/pedro/Documents/Documents/projects/pointcloud/zim_results/output/poppenhausen_street.las', 'model_path': '/home/pedro/Documents/Documents/projects/pointcloud/zim_results/ml_models/trained_model/curb_xg_final_26.pkl', 'output_path': '/home/pedro/Documents/Documents/projects/pointcloud/zim_results/output/segmenatation_results/poppenhausen_curb/xg_0.8.las', 'crs': 'EPSG:25832', 'saturation_filter': 0.15, 'probability_threshold': 0.8}
2026-01-28 21:20:10,187 - INFO - Point cloud loaded with shape: (3528696, 6)
2026-01-28 21:20:10,187 - INFO - Extracting features with radius: 0.2
2026-01-28 21:20:15,486 - INFO - Extracting features with radius: 0.3
2026-01-28 21:20:21,398 - INFO - Extracting features with radius: 0.5
2026-01-28 21:20:29,516 - INFO - Extracting features with radius: 0.7
2026-01-28 21:20:41,440 - INFO - Features extracted with shape: (3528431, 34)
2026-01-28 21:20:41,482 - INFO - Model loaded from /home/pedro/Documents/Documents/projects/pointcloud/zim_results/ml_models/trained_model/curb_xg_final_26.pkl
2026-01-28 21:20:44,554 - INFO - Predictions made with shape: (6117,)
2026-01-28 21:20:44,554 - INFO - Filtered predictions shape: (6117,)
2026-01-28 21:20:44,554 - INFO - Writing results to /home/pedro/Documents/Documents/projects/pointcloud/zim_results/output/segmenatation_results/poppenhausen_curb/xg_0.8.las
2026-01-28 21:20:44,576 - INFO - Filtered 6117 points with classification 1
2026-01-28 21:20:44,577 - INFO - After saturation filter: 4977 points remaining
2026-01-28 21:20:44,579 - INFO - Downsampled to 922 points
2026-01-28 21:20:44,580 - INFO - Saved curb points to /home/pedro/Documents/Documents/projects/pointcloud/zim_results/output/segmenatation_results/poppenhausen_curb/xg_0.8_curb_class1.las
2026-01-28 21:20:44,615 - INFO - Created 922 records
2026-01-28 21:20:44,615 - INFO - Saved shapefile to /home/pedro/Documents/Documents/projects/pointcloud/zim_results/output/segmenatation_results/poppenhausen_curb/xg_0.8_curb_class1.shp
2026-01-28 21:20:48,936 - INFO - Starting main execution
2026-01-28 21:20:48,937 - INFO - Parsing configuration file
2026-01-28 21:20:48,938 - INFO - Configuration loaded: {'pcd_path': '/home/pedro/Documents/Documents/projects/pointcloud/zim_results/output/poppenhausen_street.las', 'model_path': '/home/pedro/Documents/Documents/projects/pointcloud/zim_results/ml_models/trained_model/curb_rf_final_26.pkl', 'output_path': '/home/pedro/Documents/Documents/projects/pointcloud/zim_results/output/segmenatation_results/poppenhausen_curb/rf_0.7.las', 'crs': 'EPSG:25832', 'saturation_filter': 0.15, 'probability_threshold': 0.7}
2026-01-28 21:20:49,110 - INFO - Point cloud loaded with shape: (3528696, 6)
2026-01-28 21:20:49,111 - INFO - Extracting features with radius: 0.2
2026-01-28 21:20:54,553 - INFO - Extracting features with radius: 0.3
2026-01-28 21:21:00,520 - INFO - Extracting features with radius: 0.5
2026-01-28 21:21:08,692 - INFO - Extracting features with radius: 0.7
2026-01-28 21:21:20,952 - INFO - Features extracted with shape: (3528431, 34)
2026-01-28 21:21:21,274 - INFO - Model loaded from /home/pedro/Documents/Documents/projects/pointcloud/zim_results/ml_models/trained_model/curb_rf_final_26.pkl
2026-01-28 21:21:25,340 - INFO - Predictions made with shape: (2531,)
2026-01-28 21:21:25,340 - INFO - Filtered predictions shape: (2531,)
2026-01-28 21:21:25,340 - INFO - Writing results to /home/pedro/Documents/Documents/projects/pointcloud/zim_results/output/segmenatation_results/poppenhausen_curb/rf_0.7.las
2026-01-28 21:21:25,360 - INFO - Filtered 2531 points with classification 1
2026-01-28 21:21:25,360 - INFO - After saturation filter: 2411 points remaining
2026-01-28 21:21:25,362 - INFO - Downsampled to 420 points
2026-01-28 21:21:25,363 - INFO - Saved curb points to /home/pedro/Documents/Documents/projects/pointcloud/zim_results/output/segmenatation_results/poppenhausen_curb/rf_0.7_curb_class1.las
2026-01-28 21:21:25,391 - INFO - Created 420 records
2026-01-28 21:21:25,391 - INFO - Saved shapefile to /home/pedro/Documents/Documents/projects/pointcloud/zim_results/output/segmenatation_results/poppenhausen_curb/rf_0.7_curb_class1.shp
2026-01-28 21:22:40,480 - INFO - Starting main execution
2026-01-28 21:22:40,480 - INFO - Parsing configuration file
2026-01-28 21:22:40,481 - INFO - Configuration loaded: {'pcd_path': '/home/pedro/Documents/Documents/projects/pointcloud/zim_results/output/poppenhausen_street.las', 'model_path': '/home/pedro/Documents/Documents/projects/pointcloud/zim_results/ml_models/trained_model/curb_rf_final_26.pkl', 'output_path': '/home/pedro/Documents/Documents/projects/pointcloud/zim_results/output/segmenatation_results/poppenhausen_curb/rf_0.6.las', 'crs': 'EPSG:25832', 'saturation_filter': 0.15, 'probability_threshold': 0.6}
2026-01-28 21:22:40,654 - INFO - Point cloud loaded with shape: (3528696, 6)
2026-01-28 21:22:40,654 - INFO - Extracting features with radius: 0.2
2026-01-28 21:22:45,841 - INFO - Extracting features with radius: 0.3
2026-01-28 21:22:51,589 - INFO - Extracting features with radius: 0.5
2026-01-28 21:22:59,477 - INFO - Extracting features with radius: 0.7
2026-01-28 21:23:11,421 - INFO - Features extracted with shape: (3528431, 34)
2026-01-28 21:23:11,737 - INFO - Model loaded from /home/pedro/Documents/Documents/projects/pointcloud/zim_results/ml_models/trained_model/curb_rf_final_26.pkl
2026-01-28 21:23:15,913 - INFO - Predictions made with shape: (6464,)
2026-01-28 21:23:15,913 - INFO - Filtered predictions shape: (6464,)
2026-01-28 21:23:15,913 - INFO - Writing results to /home/pedro/Documents/Documents/projects/pointcloud/zim_results/output/segmenatation_results/poppenhausen_curb/rf_0.6.las
2026-01-28 21:23:15,937 - INFO - Filtered 6464 points with classification 1
2026-01-28 21:23:15,937 - INFO - After saturation filter: 5975 points remaining
2026-01-28 21:23:15,940 - INFO - Downsampled to 715 points
2026-01-28 21:23:15,941 - INFO - Saved curb points to /home/pedro/Documents/Documents/projects/pointcloud/zim_results/output/segmenatation_results/poppenhausen_curb/rf_0.6_curb_class1.las
2026-01-28 21:23:15,974 - INFO - Created 715 records
2026-01-28 21:23:15,974 - INFO - Saved shapefile to /home/pedro/Documents/Documents/projects/pointcloud/zim_results/output/segmenatation_results/poppenhausen_curb/rf_0.6_curb_class1.shp
2026-01-28 21:23:31,369 - INFO - Starting main execution
2026-01-28 21:23:31,370 - INFO - Parsing configuration file
2026-01-28 21:23:31,370 - INFO - Configuration loaded: {'pcd_path': '/home/pedro/Documents/Documents/projects/pointcloud/zim_results/output/poppenhausen_street.las', 'model_path': '/home/pedro/Documents/Documents/projects/pointcloud/zim_results/ml_models/trained_model/curb_xg_final_26.pkl', 'output_path': '/home/pedro/Documents/Documents/projects/pointcloud/zim_results/output/segmenatation_results/poppenhausen_curb/xg_0.7.las', 'crs': 'EPSG:25832', 'saturation_filter': 0.15, 'probability_threshold': 0.7}
2026-01-28 21:23:31,564 - INFO - Point cloud loaded with shape: (3528696, 6)
2026-01-28 21:23:31,564 - INFO - Extracting features with radius: 0.2
2026-01-28 21:23:36,924 - INFO - Extracting features with radius: 0.3
2026-01-28 21:23:42,891 - INFO - Extracting features with radius: 0.5
2026-01-28 21:23:50,870 - INFO - Extracting features with radius: 0.7
2026-01-28 21:24:03,038 - INFO - Features extracted with shape: (3528431, 34)
2026-01-28 21:24:03,081 - INFO - Model loaded from /home/pedro/Documents/Documents/projects/pointcloud/zim_results/ml_models/trained_model/curb_xg_final_26.pkl
2026-01-28 21:24:06,277 - INFO - Predictions made with shape: (7724,)
2026-01-28 21:24:06,278 - INFO - Filtered predictions shape: (7724,)
2026-01-28 21:24:06,278 - INFO - Writing results to /home/pedro/Documents/Documents/projects/pointcloud/zim_results/output/segmenatation_results/poppenhausen_curb/xg_0.7.las
2026-01-28 21:24:06,300 - INFO - Filtered 7724 points with classification 1
2026-01-28 21:24:06,301 - INFO - After saturation filter: 6321 points remaining
2026-01-28 21:24:06,304 - INFO - Downsampled to 1099 points
2026-01-28 21:24:06,305 - INFO - Saved curb points to /home/pedro/Documents/Documents/projects/pointcloud/zim_results/output/segmenatation_results/poppenhausen_curb/xg_0.7_curb_class1.las
2026-01-28 21:24:06,341 - INFO - Created 1,099 records
2026-01-28 21:24:06,341 - INFO - Saved shapefile to /home/pedro/Documents/Documents/projects/pointcloud/zim_results/output/segmenatation_results/poppenhausen_curb/xg_0.7_curb_class1.shp
2026-01-28 21:25:26,891 - INFO - Starting main execution
2026-01-28 21:25:26,891 - INFO - Parsing configuration file
2026-01-28 21:25:26,892 - INFO - Configuration loaded: {'pcd_path': '/home/pedro/Documents/Documents/projects/pointcloud/zim_results/output/poppenhausen_street.las', 'model_path': '/home/pedro/Documents/Documents/projects/pointcloud/zim_results/ml_models/trained_model/curb_xg_final_26.pkl', 'output_path': '/home/pedro/Documents/Documents/projects/pointcloud/zim_results/output/segmenatation_results/poppenhausen_curb/xg_0.75.las', 'crs': 'EPSG:25832', 'saturation_filter': 0.15, 'probability_threshold': 0.75}
2026-01-28 21:25:27,065 - INFO - Point cloud loaded with shape: (3528696, 6)
2026-01-28 21:25:27,065 - INFO - Extracting features with radius: 0.2
2026-01-28 21:25:32,326 - INFO - Extracting features with radius: 0.3
2026-01-28 21:25:38,346 - INFO - Extracting features with radius: 0.5
2026-01-28 21:25:46,488 - INFO - Extracting features with radius: 0.7
2026-01-28 21:25:58,535 - INFO - Features extracted with shape: (3528431, 34)
2026-01-28 21:25:58,576 - INFO - Model loaded from /home/pedro/Documents/Documents/projects/pointcloud/zim_results/ml_models/trained_model/curb_xg_final_26.pkl
2026-01-28 21:26:01,758 - INFO - Predictions made with shape: (6926,)
2026-01-28 21:26:01,758 - INFO - Filtered predictions shape: (6926,)
2026-01-28 21:26:01,758 - INFO - Writing results to /home/pedro/Documents/Documents/projects/pointcloud/zim_results/output/segmenatation_results/poppenhausen_curb/xg_0.75.las
2026-01-28 21:26:01,779 - INFO - Filtered 6926 points with classification 1
2026-01-28 21:26:01,779 - INFO - After saturation filter: 5660 points remaining
2026-01-28 21:26:01,782 - INFO - Downsampled to 1010 points
2026-01-28 21:26:01,783 - INFO - Saved curb points to /home/pedro/Documents/Documents/projects/pointcloud/zim_results/output/segmenatation_results/poppenhausen_curb/xg_0.75_curb_class1.las
2026-01-28 21:26:01,821 - INFO - Created 1,010 records
2026-01-28 21:26:01,821 - INFO - Saved shapefile to /home/pedro/Documents/Documents/projects/pointcloud/zim_results/output/segmenatation_results/poppenhausen_curb/xg_0.75_curb_class1.shp
