2025-08-28 15:18:19,222 - INFO - Reading configuration file
2025-08-28 15:18:19,223 - INFO - Starting merge process from folder: /home/pedro/Documents/Documents/projects/pointcloud/zim_results/output/poppenhausen/ground
2025-08-28 15:18:19,223 - INFO - Found 2 LAS files to merge
2025-08-28 15:18:19,223 - INFO - Reading first file: /home/pedro/Documents/Documents/projects/pointcloud/zim_results/output/poppenhausen/ground/chunk_1.las
2025-08-28 15:18:20,515 - INFO - Processing file: /home/pedro/Documents/Documents/projects/pointcloud/zim_results/output/poppenhausen/ground/chunk_1.las
2025-08-28 15:18:22,545 - INFO - Processing file: /home/pedro/Documents/Documents/projects/pointcloud/zim_results/output/poppenhausen/ground/chunk_0.las
2025-08-28 15:18:24,598 - INFO - Total points to merge: 139073074
2025-08-28 15:18:24,598 - INFO - Merging point coordinates...
2025-08-28 15:18:32,732 - INFO - Merging RGB values...
2025-08-28 15:18:34,543 - INFO - Writing merged file to: /home/pedro/Documents/Documents/projects/pointcloud/zim_results/output/poppenhausen/ground.las
2025-08-28 15:18:39,960 - INFO - Merge process completed successfully
2026-01-26 11:07:07,296 - INFO - Reading configuration file
2026-01-26 11:07:07,313 - INFO - Starting merge process from folder: /home/pedro/Documents/Documents/projects/pointcloud/zim_results/output/segmenatation_results/maibach_rf_3c/down
2026-01-26 11:07:07,314 - INFO - Found 4 LAS files to merge
2026-01-26 11:07:07,314 - INFO - Reading first file: /home/pedro/Documents/Documents/projects/pointcloud/zim_results/output/segmenatation_results/maibach_rf_3c/down/inf_chunk2_1.las
2026-01-26 11:07:07,532 - INFO - Processing file: /home/pedro/Documents/Documents/projects/pointcloud/zim_results/output/segmenatation_results/maibach_rf_3c/down/inf_chunk2_1.las
2026-01-26 11:07:07,879 - INFO - Processing file: /home/pedro/Documents/Documents/projects/pointcloud/zim_results/output/segmenatation_results/maibach_rf_3c/down/inf_chunk2_3.las
2026-01-26 11:07:08,165 - INFO - Processing file: /home/pedro/Documents/Documents/projects/pointcloud/zim_results/output/segmenatation_results/maibach_rf_3c/down/inf_chunk2_2.las
2026-01-26 11:07:08,502 - INFO - Processing file: /home/pedro/Documents/Documents/projects/pointcloud/zim_results/output/segmenatation_results/maibach_rf_3c/down/inf_chunk2_0.las
2026-01-26 11:07:08,835 - INFO - Total points to merge: 38331617
2026-01-26 11:07:08,835 - INFO - Merging point coordinates...
2026-01-26 11:07:10,997 - INFO - Merging RGB values...
2026-01-26 11:07:11,554 - INFO - Writing merged file to: /home/pedro/Documents/Documents/projects/pointcloud/zim_results/output/segmenatation_results/maibach_rf_3c/down/all.las
2026-01-26 11:07:13,150 - INFO - Merge process completed successfully
2026-01-26 11:07:26,783 - INFO - Reading configuration file
2026-01-26 11:07:26,783 - INFO - Starting merge process from folder: /home/pedro/Documents/Documents/projects/pointcloud/zim_results/output/segmenatation_results/maibach_rf_3c
2026-01-26 11:07:26,783 - INFO - Found 6 LAS files to merge
2026-01-26 11:07:26,783 - INFO - Reading first file: /home/pedro/Documents/Documents/projects/pointcloud/zim_results/output/segmenatation_results/maibach_rf_3c/inf_chunk2_5.las
2026-01-26 11:07:29,275 - INFO - Processing file: /home/pedro/Documents/Documents/projects/pointcloud/zim_results/output/segmenatation_results/maibach_rf_3c/inf_chunk2_5.las
2026-01-26 11:07:29,642 - INFO - Processing file: /home/pedro/Documents/Documents/projects/pointcloud/zim_results/output/segmenatation_results/maibach_rf_3c/inf_chunk2_1.las
2026-01-26 11:07:32,372 - INFO - Processing file: /home/pedro/Documents/Documents/projects/pointcloud/zim_results/output/segmenatation_results/maibach_rf_3c/inf_chunk2_3.las
2026-01-26 11:07:35,226 - INFO - Processing file: /home/pedro/Documents/Documents/projects/pointcloud/zim_results/output/segmenatation_results/maibach_rf_3c/inf_chunk2_2.las
2026-01-26 11:07:37,934 - INFO - Processing file: /home/pedro/Documents/Documents/projects/pointcloud/zim_results/output/segmenatation_results/maibach_rf_3c/inf_chunk2_0.las
2026-01-26 11:07:40,682 - INFO - Processing file: /home/pedro/Documents/Documents/projects/pointcloud/zim_results/output/segmenatation_results/maibach_rf_3c/inf_chunk2_4.las
2026-01-26 11:07:43,453 - INFO - Total points to merge: 59948922
2026-01-26 11:07:43,453 - INFO - Merging point coordinates...
2026-01-26 11:07:46,961 - INFO - Merging RGB values...
2026-01-26 11:07:47,858 - INFO - Writing merged file to: /home/pedro/Documents/Documents/projects/pointcloud/zim_results/output/segmenatation_results/maibach_rf_3c/all.las
2026-01-26 11:07:50,376 - INFO - Merge process completed successfully
2026-01-26 11:11:54,329 - INFO - Reading configuration file
2026-01-26 11:11:54,330 - INFO - Starting merge process from folder: /home/pedro/Documents/Documents/projects/pointcloud/zim_results/output/segmenatation_results/maibach_rf_3c
2026-01-26 11:11:54,330 - INFO - Found 7 LAS files to merge
2026-01-26 11:11:54,330 - INFO - Reading first file: /home/pedro/Documents/Documents/projects/pointcloud/zim_results/output/segmenatation_results/maibach_rf_3c/inf_chunk2_5.las
2026-01-26 11:11:54,546 - INFO - Processing file: /home/pedro/Documents/Documents/projects/pointcloud/zim_results/output/segmenatation_results/maibach_rf_3c/inf_chunk2_5.las
2026-01-26 11:11:54,882 - INFO - Processing file: /home/pedro/Documents/Documents/projects/pointcloud/zim_results/output/segmenatation_results/maibach_rf_3c/all.las
2026-01-26 11:11:56,863 - INFO - Processing file: /home/pedro/Documents/Documents/projects/pointcloud/zim_results/output/segmenatation_results/maibach_rf_3c/inf_chunk2_1.las
2026-01-26 11:11:57,201 - INFO - Processing file: /home/pedro/Documents/Documents/projects/pointcloud/zim_results/output/segmenatation_results/maibach_rf_3c/inf_chunk2_3.las
2026-01-26 11:11:57,538 - INFO - Processing file: /home/pedro/Documents/Documents/projects/pointcloud/zim_results/output/segmenatation_results/maibach_rf_3c/inf_chunk2_2.las
2026-01-26 11:11:57,874 - INFO - Processing file: /home/pedro/Documents/Documents/projects/pointcloud/zim_results/output/segmenatation_results/maibach_rf_3c/inf_chunk2_0.las
2026-01-26 11:11:58,233 - INFO - Processing file: /home/pedro/Documents/Documents/projects/pointcloud/zim_results/output/segmenatation_results/maibach_rf_3c/inf_chunk2_4.las
2026-01-26 11:11:58,570 - INFO - Total points to merge: 119897844
2026-01-26 11:11:58,570 - INFO - Merging point coordinates...
2026-01-26 11:12:05,386 - INFO - Merging RGB values...
2026-01-26 11:12:06,949 - INFO - Writing merged file to: /home/pedro/Documents/Documents/projects/pointcloud/zim_results/output/segmenatation_results/maibach_rf_3c/all.las
2026-01-26 11:12:12,374 - INFO - Merge process completed successfully
2026-01-26 11:12:34,559 - INFO - Reading configuration file
2026-01-26 11:12:34,559 - INFO - Starting merge process from folder: /home/pedro/Documents/Documents/projects/pointcloud/zim_results/output/segmenatation_results/maibach_rf_3c/down
2026-01-26 11:12:34,559 - INFO - Found 5 LAS files to merge
2026-01-26 11:12:34,560 - INFO - Reading first file: /home/pedro/Documents/Documents/projects/pointcloud/zim_results/output/segmenatation_results/maibach_rf_3c/down/all.las
2026-01-26 11:12:35,395 - INFO - Processing file: /home/pedro/Documents/Documents/projects/pointcloud/zim_results/output/segmenatation_results/maibach_rf_3c/down/all.las
2026-01-26 11:12:36,673 - INFO - Processing file: /home/pedro/Documents/Documents/projects/pointcloud/zim_results/output/segmenatation_results/maibach_rf_3c/down/inf_chunk2_1.las
2026-01-26 11:12:37,025 - INFO - Processing file: /home/pedro/Documents/Documents/projects/pointcloud/zim_results/output/segmenatation_results/maibach_rf_3c/down/inf_chunk2_3.las
2026-01-26 11:12:37,318 - INFO - Processing file: /home/pedro/Documents/Documents/projects/pointcloud/zim_results/output/segmenatation_results/maibach_rf_3c/down/inf_chunk2_2.las
2026-01-26 11:12:37,700 - INFO - Processing file: /home/pedro/Documents/Documents/projects/pointcloud/zim_results/output/segmenatation_results/maibach_rf_3c/down/inf_chunk2_0.las
2026-01-26 11:12:38,043 - INFO - Total points to merge: 76663234
2026-01-26 11:12:38,043 - INFO - Merging point coordinates...
2026-01-26 11:12:42,533 - INFO - Merging RGB values...
2026-01-26 11:12:43,531 - INFO - Writing merged file to: /home/pedro/Documents/Documents/projects/pointcloud/zim_results/output/segmenatation_results/maibach_rf_3c/down/all.las
2026-01-26 11:13:26,507 - INFO - Merge process completed successfully
2026-01-26 11:13:50,167 - INFO - Reading configuration file
2026-01-26 11:13:50,167 - INFO - Starting merge process from folder: /home/pedro/Documents/Documents/projects/pointcloud/zim_results/output/segmenatation_results/maibach_rf_3c/down
2026-01-26 11:13:50,167 - INFO - Found 5 LAS files to merge
2026-01-26 11:13:50,167 - INFO - Reading first file: /home/pedro/Documents/Documents/projects/pointcloud/zim_results/output/segmenatation_results/maibach_rf_3c/down/all.las
2026-01-26 11:13:51,799 - INFO - Processing file: /home/pedro/Documents/Documents/projects/pointcloud/zim_results/output/segmenatation_results/maibach_rf_3c/down/all.las
2026-01-26 11:13:54,299 - INFO - Processing file: /home/pedro/Documents/Documents/projects/pointcloud/zim_results/output/segmenatation_results/maibach_rf_3c/down/inf_chunk2_1.las
2026-01-26 11:13:54,648 - INFO - Processing file: /home/pedro/Documents/Documents/projects/pointcloud/zim_results/output/segmenatation_results/maibach_rf_3c/down/inf_chunk2_3.las
2026-01-26 11:13:54,932 - INFO - Processing file: /home/pedro/Documents/Documents/projects/pointcloud/zim_results/output/segmenatation_results/maibach_rf_3c/down/inf_chunk2_2.las
2026-01-26 11:13:55,269 - INFO - Processing file: /home/pedro/Documents/Documents/projects/pointcloud/zim_results/output/segmenatation_results/maibach_rf_3c/down/inf_chunk2_0.las
2026-01-26 11:13:55,597 - INFO - Total points to merge: 114994851
2026-01-26 11:13:55,597 - INFO - Merging point coordinates...
2026-01-26 11:14:02,171 - INFO - Merging RGB values...
2026-01-26 11:14:03,613 - INFO - Writing merged file to: /home/pedro/Documents/Documents/projects/pointcloud/zim_results/output/segmenatation_results/maibach_rf_3c/down/all.las
2026-01-26 11:14:08,795 - INFO - Merge process completed successfully
2026-01-26 11:15:56,446 - INFO - Reading configuration file
2026-01-26 11:15:56,446 - INFO - Starting merge process from folder: /home/pedro/Documents/Documents/projects/pointcloud/zim_results/output/segmenatation_results/maibach_rf_3c/down/
2026-01-26 11:15:56,446 - INFO - Found 4 LAS files to merge
2026-01-26 11:15:56,446 - INFO - Reading first file: /home/pedro/Documents/Documents/projects/pointcloud/zim_results/output/segmenatation_results/maibach_rf_3c/down/inf_chunk2_1.las
2026-01-26 11:15:56,667 - INFO - Processing file: /home/pedro/Documents/Documents/projects/pointcloud/zim_results/output/segmenatation_results/maibach_rf_3c/down/inf_chunk2_1.las
2026-01-26 11:15:57,013 - INFO - Processing file: /home/pedro/Documents/Documents/projects/pointcloud/zim_results/output/segmenatation_results/maibach_rf_3c/down/inf_chunk2_3.las
2026-01-26 11:15:57,303 - INFO - Processing file: /home/pedro/Documents/Documents/projects/pointcloud/zim_results/output/segmenatation_results/maibach_rf_3c/down/inf_chunk2_2.las
2026-01-26 11:15:57,642 - INFO - Processing file: /home/pedro/Documents/Documents/projects/pointcloud/zim_results/output/segmenatation_results/maibach_rf_3c/down/inf_chunk2_0.las
2026-01-26 11:15:57,980 - INFO - Total points to merge: 38331617
2026-01-26 11:15:57,981 - INFO - Merging point coordinates...
2026-01-26 11:16:00,107 - INFO - Merging RGB values...
2026-01-26 11:16:00,597 - INFO - Writing merged file to: /home/pedro/Documents/Documents/projects/pointcloud/zim_results/output/segmenatation_results/maibach_rf_3c/down/all.las
2026-01-26 11:16:02,190 - INFO - Merge process completed successfully
2026-01-26 11:17:21,001 - INFO - Reading configuration file
2026-01-26 11:17:21,002 - INFO - Starting merge process from folder: /home/pedro/Documents/Documents/projects/pointcloud/zim_results/output/segmenatation_results/maibach_rf_3c/down/
2026-01-26 11:17:21,002 - INFO - Found 4 LAS files to merge
2026-01-26 11:17:21,002 - INFO - Reading first file: /home/pedro/Documents/Documents/projects/pointcloud/zim_results/output/segmenatation_results/maibach_rf_3c/down/inf_chunk2_1.las
2026-01-26 11:17:21,217 - INFO - Processing file: /home/pedro/Documents/Documents/projects/pointcloud/zim_results/output/segmenatation_results/maibach_rf_3c/down/inf_chunk2_1.las
2026-01-26 11:17:21,566 - INFO - Processing file: /home/pedro/Documents/Documents/projects/pointcloud/zim_results/output/segmenatation_results/maibach_rf_3c/down/inf_chunk2_3.las
2026-01-26 11:17:21,858 - INFO - Processing file: /home/pedro/Documents/Documents/projects/pointcloud/zim_results/output/segmenatation_results/maibach_rf_3c/down/inf_chunk2_2.las
2026-01-26 11:17:22,198 - INFO - Processing file: /home/pedro/Documents/Documents/projects/pointcloud/zim_results/output/segmenatation_results/maibach_rf_3c/down/inf_chunk2_0.las
2026-01-26 11:17:22,536 - INFO - Total points to merge: 38331617
2026-01-26 11:17:22,536 - INFO - Merging point coordinates...
2026-01-26 11:17:24,788 - INFO - Merging RGB values...
2026-01-26 11:17:25,670 - INFO - Writing merged file to: /home/pedro/Documents/Documents/projects/pointcloud/zim_results/output/segmenatation_results/maibach_rf_3c/down/all.las
2026-01-26 11:17:27,334 - INFO - Merge process completed successfully
2026-01-26 11:18:07,250 - INFO - Reading configuration file
2026-01-26 11:18:07,250 - INFO - Starting merge process from folder: /home/pedro/Documents/Documents/projects/pointcloud/zim_results/output/segmenatation_results/maibach_rf_3c/
2026-01-26 11:18:07,251 - INFO - Found 6 LAS files to merge
2026-01-26 11:18:07,251 - INFO - Reading first file: /home/pedro/Documents/Documents/projects/pointcloud/zim_results/output/segmenatation_results/maibach_rf_3c/inf_chunk2_5.las
2026-01-26 11:18:07,467 - INFO - Processing file: /home/pedro/Documents/Documents/projects/pointcloud/zim_results/output/segmenatation_results/maibach_rf_3c/inf_chunk2_5.las
2026-01-26 11:18:07,803 - INFO - Processing file: /home/pedro/Documents/Documents/projects/pointcloud/zim_results/output/segmenatation_results/maibach_rf_3c/inf_chunk2_1.las
2026-01-26 11:18:08,137 - INFO - Processing file: /home/pedro/Documents/Documents/projects/pointcloud/zim_results/output/segmenatation_results/maibach_rf_3c/inf_chunk2_3.las
2026-01-26 11:18:08,468 - INFO - Processing file: /home/pedro/Documents/Documents/projects/pointcloud/zim_results/output/segmenatation_results/maibach_rf_3c/inf_chunk2_2.las
2026-01-26 11:18:08,801 - INFO - Processing file: /home/pedro/Documents/Documents/projects/pointcloud/zim_results/output/segmenatation_results/maibach_rf_3c/inf_chunk2_0.las
2026-01-26 11:18:09,151 - INFO - Processing file: /home/pedro/Documents/Documents/projects/pointcloud/zim_results/output/segmenatation_results/maibach_rf_3c/inf_chunk2_4.las
2026-01-26 11:18:09,487 - INFO - Total points to merge: 59948922
2026-01-26 11:18:09,487 - INFO - Merging point coordinates...
2026-01-26 11:18:12,817 - INFO - Merging RGB values...
2026-01-26 11:18:14,130 - INFO - Writing merged file to: /home/pedro/Documents/Documents/projects/pointcloud/zim_results/output/segmenatation_results/maibach_rf_3c/all.las
2026-01-26 11:18:16,628 - INFO - Merge process completed successfully
2026-01-26 11:38:52,709 - INFO - Reading configuration file
2026-01-26 11:38:52,710 - INFO - Starting merge process from folder: /home/pedro/Documents/Documents/projects/pointcloud/zim_results/output/segmenatation_results/poppenhausen_rf_3c/
2026-01-26 11:38:52,710 - INFO - Found 11 LAS files to merge
2026-01-26 11:38:52,710 - INFO - Reading first file: /home/pedro/Documents/Documents/projects/pointcloud/zim_results/output/segmenatation_results/poppenhausen_rf_3c/inf_chunk2_7.las
2026-01-26 11:38:55,591 - INFO - Processing file: /home/pedro/Documents/Documents/projects/pointcloud/zim_results/output/segmenatation_results/poppenhausen_rf_3c/inf_chunk2_7.las
2026-01-26 11:38:55,971 - INFO - Processing file: /home/pedro/Documents/Documents/projects/pointcloud/zim_results/output/segmenatation_results/poppenhausen_rf_3c/inf_chunk2_8.las
2026-01-26 11:38:59,259 - INFO - Processing file: /home/pedro/Documents/Documents/projects/pointcloud/zim_results/output/segmenatation_results/poppenhausen_rf_3c/inf_chunk2_5.las
2026-01-26 11:39:02,025 - INFO - Processing file: /home/pedro/Documents/Documents/projects/pointcloud/zim_results/output/segmenatation_results/poppenhausen_rf_3c/inf_chunk2_6.las
2026-01-26 11:39:04,771 - INFO - Processing file: /home/pedro/Documents/Documents/projects/pointcloud/zim_results/output/segmenatation_results/poppenhausen_rf_3c/inf_chunk2_9.las
2026-01-26 11:39:07,909 - INFO - Processing file: /home/pedro/Documents/Documents/projects/pointcloud/zim_results/output/segmenatation_results/poppenhausen_rf_3c/inf_chunk2_1.las
2026-01-26 11:39:10,804 - INFO - Processing file: /home/pedro/Documents/Documents/projects/pointcloud/zim_results/output/segmenatation_results/poppenhausen_rf_3c/inf_chunk2_3.las
2026-01-26 11:39:13,884 - INFO - Processing file: /home/pedro/Documents/Documents/projects/pointcloud/zim_results/output/segmenatation_results/poppenhausen_rf_3c/inf_chunk2_2.las
2026-01-26 11:39:17,152 - INFO - Processing file: /home/pedro/Documents/Documents/projects/pointcloud/zim_results/output/segmenatation_results/poppenhausen_rf_3c/inf_chunk2_10.las
2026-01-26 11:39:17,291 - INFO - Processing file: /home/pedro/Documents/Documents/projects/pointcloud/zim_results/output/segmenatation_results/poppenhausen_rf_3c/inf_chunk2_0.las
2026-01-26 11:39:20,554 - INFO - Processing file: /home/pedro/Documents/Documents/projects/pointcloud/zim_results/output/segmenatation_results/poppenhausen_rf_3c/inf_chunk2_4.las
2026-01-26 11:39:23,519 - INFO - Total points to merge: 100238348
2026-01-26 11:39:23,519 - INFO - Merging point coordinates...
2026-01-26 11:39:29,270 - INFO - Merging RGB values...
2026-01-26 11:39:31,596 - INFO - Writing merged file to: /home/pedro/Documents/Documents/projects/pointcloud/zim_results/output/segmenatation_results/poppenhausen_rf_3c/all.las
2026-01-26 11:39:35,870 - INFO - Merge process completed successfully
