2025-09-05 11:28:09,875 - INFO - Starting main execution
2025-09-05 11:28:09,877 - INFO - Parsing configuration file
2025-09-05 11:28:09,879 - INFO - Configuration loaded: {'data_path': '/home/pedro/Documents/Documents/projects/pointcloud/h3d/2019/data_corrected/down/', 'features_to_use': ['surface_variation', 'sphericity', 'verticality'], 'transdict': {0: 0, 1: 1, 2: 0, 3: 0, 4: 2, 5: 0, 6: 0, 7: 0, 8: 0, 9: 0}, 'model_name': 'random_forest', 'model_output_path': '/home/pedro/Documents/Documents/projects/pointcloud/zim_results/ml_models/trained_model/rf_3c_pkl'}
2025-09-05 11:28:09,879 - INFO - Loading training data
2025-09-05 11:28:09,880 - INFO - Loading feature files from /home/pedro/Documents/Documents/projects/pointcloud/h3d/2019/data_corrected/down/
2025-09-05 11:34:02,751 - INFO - Feature array shape after stacking: (9657927, 31)
2025-09-05 11:34:11,006 - INFO - Total samples: 9657927
2025-09-05 11:34:14,767 - INFO - Training samples: 7243445, Test samples: 2414482
2025-09-05 11:34:15,233 - INFO - Creating and training model
2025-09-05 11:34:15,233 - INFO - Creating random_forest model
2025-09-05 11:34:15,233 - INFO - Successfully created random_forest model
2025-09-05 11:53:09,134 - INFO - Making predictions on test set
2025-09-05 11:53:13,606 - INFO - Calculating classification metrics
2025-09-05 11:53:15,539 - INFO - 
              precision    recall  f1-score   support

           0       0.96      0.98      0.97   1294949
           1       0.95      0.92      0.93    547909
           2       0.99      0.98      0.99    571624

    accuracy                           0.96   2414482
   macro avg       0.97      0.96      0.96   2414482
weighted avg       0.96      0.96      0.96   2414482

2025-09-05 11:53:15,539 - INFO - Generating confusion matrix
2025-09-05 11:53:19,199 - INFO - Saving model
2025-09-05 11:53:19,684 - INFO - Model successfully saved to /home/pedro/Documents/Documents/projects/pointcloud/zim_results/ml_models/trained_model/rf_3c_pkl
