2025-08-29 13:18:22,560 - INFO - Starting main processing
2025-08-29 13:18:22,561 - INFO - Configuration: {'input_shapefile': '/home/pedro/Documents/Documents/projects/pointcloud/zim_results/inputs/object_extractions_Poppenhausen/object_extractions/v3/street_pg.shp', 'point_cloud_path': '/home/pedro/Documents/Documents/projects/pointcloud/zim_results/output/poppenhausen_street_ground.las', 'output_directory': '/home/pedro/Documents/Documents/projects/pointcloud/zim_results/output/', 'filename': 'poppenhausen_street', 'skeleton_resolution': 0.05, 'erode_radius': 50, 'min_distance': 2.0, 'batch_size': 1000, 'k_nearest': 10}
2025-08-29 13:18:22,561 - INFO - Loading input shapefile
2025-08-29 13:18:22,612 - INFO - Loading point cloud data
2025-08-29 13:18:22,824 - INFO - Output directory set to: /home/pedro/Documents/Documents/projects/pointcloud/zim_results/output/
2025-08-29 13:18:22,824 - INFO - Filtering street features
2025-08-29 13:18:22,825 - INFO - Merging geometries
2025-08-29 13:18:23,309 - INFO - Creating skeleton
2025-08-29 13:18:23,309 - INFO - Starting skeleton creation
2025-08-29 13:18:23,309 - INFO - Rasterizing geometry with dimensions 10507x12808
2025-08-29 13:18:25,128 - INFO - Performing binary erosion with radius 50
2025-08-29 13:18:30,300 - INFO - Creating skeleton
2025-08-29 13:18:42,447 - INFO - Converting skeleton to lines
2025-08-29 13:18:50,164 - INFO - Created 14317 line segments
2025-08-29 13:18:50,177 - INFO - Calculating midpoints
2025-08-29 13:18:50,336 - INFO - Filtering points by distance
2025-08-29 13:18:50,336 - INFO - Filtering points with minimum distance of 2.0
2025-08-29 13:18:50,463 - INFO - Processing 14317 points
2025-08-29 13:18:50,500 - INFO - Filtered down to 385 points
2025-08-29 13:18:50,502 - INFO - Original points: 14317
2025-08-29 13:18:50,502 - INFO - Filtered points: 385
2025-08-29 13:18:50,502 - INFO - Getting point elevations
2025-08-29 13:18:50,502 - INFO - Getting elevations for 385 points with batch size 1000
2025-08-29 13:18:50,505 - INFO - Processing points in batches
2025-08-29 13:18:52,233 - INFO - Adding elevation data to GeoDataFrame
2025-08-29 13:18:52,234 - INFO - Smoothing elevations
2025-08-29 13:18:52,234 - INFO - Starting elevation smoothing with threshold=0.5 and n_neighbors=20
2025-08-29 13:18:52,234 - INFO - Converting point coordinates to array
2025-08-29 13:18:52,237 - INFO - Building KDTree for nearest neighbor search
2025-08-29 13:18:52,237 - INFO - Getting elevation values
2025-08-29 13:18:52,237 - INFO - Processing 385 points
2025-08-29 13:18:52,245 - INFO - Elevation smoothing completed
2025-08-29 13:18:52,245 - INFO - Points before smoothing: 385
2025-08-29 13:18:52,245 - INFO - Points after smoothing: 385
2025-08-29 13:18:52,245 - INFO - Saving results to file
2025-08-29 13:18:52,252 - INFO - Created 385 records
2025-08-29 13:18:52,252 - INFO - Processing completed
2025-08-29 13:19:42,873 - INFO - Starting main processing
2025-08-29 13:19:42,875 - INFO - Configuration: {'input_shapefile': '/home/pedro/Documents/Documents/projects/pointcloud/zim_results/inputs/object_extractions_Poppenhausen/object_extractions/v3/street_pg.shp', 'point_cloud_path': '/home/pedro/Documents/Documents/projects/pointcloud/zim_results/output/poppenhausen_street_ground.las', 'output_directory': '/home/pedro/Documents/Documents/projects/pointcloud/zim_results/output/', 'filename': 'poppenhausen_street', 'skeleton_resolution': 0.05, 'erode_radius': 50, 'min_distance': 2.0, 'batch_size': 300, 'k_nearest': 10}
2025-08-29 13:19:42,875 - INFO - Loading input shapefile
2025-08-29 13:19:42,923 - INFO - Loading point cloud data
2025-08-29 13:19:43,130 - INFO - Output directory set to: /home/pedro/Documents/Documents/projects/pointcloud/zim_results/output/
2025-08-29 13:19:43,130 - INFO - Filtering street features
2025-08-29 13:19:43,131 - INFO - Merging geometries
2025-08-29 13:19:43,605 - INFO - Creating skeleton
2025-08-29 13:19:43,605 - INFO - Starting skeleton creation
2025-08-29 13:19:43,606 - INFO - Rasterizing geometry with dimensions 10507x12808
2025-08-29 13:19:45,390 - INFO - Performing binary erosion with radius 50
2025-08-29 13:19:50,467 - INFO - Creating skeleton
2025-08-29 13:20:02,421 - INFO - Converting skeleton to lines
2025-08-29 13:20:10,008 - INFO - Created 14317 line segments
2025-08-29 13:20:10,021 - INFO - Calculating midpoints
2025-08-29 13:20:10,178 - INFO - Filtering points by distance
2025-08-29 13:20:10,178 - INFO - Filtering points with minimum distance of 2.0
2025-08-29 13:20:10,303 - INFO - Processing 14317 points
2025-08-29 13:20:10,339 - INFO - Filtered down to 385 points
2025-08-29 13:20:10,341 - INFO - Original points: 14317
2025-08-29 13:20:10,341 - INFO - Filtered points: 385
2025-08-29 13:20:10,341 - INFO - Getting point elevations
2025-08-29 13:20:10,341 - INFO - Getting elevations for 385 points with batch size 300
2025-08-29 13:20:10,344 - INFO - Processing points in batches
2025-08-29 13:20:12,058 - INFO - Adding elevation data to GeoDataFrame
2025-08-29 13:20:12,059 - INFO - Smoothing elevations
2025-08-29 13:20:12,059 - INFO - Starting elevation smoothing with threshold=0.5 and n_neighbors=20
2025-08-29 13:20:12,059 - INFO - Converting point coordinates to array
2025-08-29 13:20:12,062 - INFO - Building KDTree for nearest neighbor search
2025-08-29 13:20:12,062 - INFO - Getting elevation values
2025-08-29 13:20:12,062 - INFO - Processing 385 points
2025-08-29 13:20:12,070 - INFO - Elevation smoothing completed
2025-08-29 13:20:12,070 - INFO - Points before smoothing: 385
2025-08-29 13:20:12,070 - INFO - Points after smoothing: 385
2025-08-29 13:20:12,070 - INFO - Saving results to file
2025-08-29 13:20:12,078 - INFO - Created 385 records
2025-08-29 13:20:12,078 - INFO - Processing completed
2025-08-29 13:20:36,219 - INFO - Starting main processing
2025-08-29 13:20:36,220 - INFO - Configuration: {'input_shapefile': '/home/pedro/Documents/Documents/projects/pointcloud/zim_results/inputs/object_extractions_Poppenhausen/object_extractions/v3/street_pg.shp', 'point_cloud_path': '/home/pedro/Documents/Documents/projects/pointcloud/zim_results/output/poppenhausen_street_ground.las', 'output_directory': '/home/pedro/Documents/Documents/projects/pointcloud/zim_results/output/', 'filename': 'poppenhausen_street', 'skeleton_resolution': 0.05, 'erode_radius': 50, 'min_distance': 1.0, 'batch_size': 300, 'k_nearest': 10}
2025-08-29 13:20:36,220 - INFO - Loading input shapefile
2025-08-29 13:20:36,270 - INFO - Loading point cloud data
2025-08-29 13:20:36,480 - INFO - Output directory set to: /home/pedro/Documents/Documents/projects/pointcloud/zim_results/output/
2025-08-29 13:20:36,480 - INFO - Filtering street features
2025-08-29 13:20:36,481 - INFO - Merging geometries
2025-08-29 13:20:36,964 - INFO - Creating skeleton
2025-08-29 13:20:36,964 - INFO - Starting skeleton creation
2025-08-29 13:20:36,965 - INFO - Rasterizing geometry with dimensions 10507x12808
2025-08-29 13:20:38,757 - INFO - Performing binary erosion with radius 50
2025-08-29 13:20:43,889 - INFO - Creating skeleton
2025-08-29 13:20:55,839 - INFO - Converting skeleton to lines
2025-08-29 13:21:03,403 - INFO - Created 14317 line segments
2025-08-29 13:21:03,415 - INFO - Calculating midpoints
2025-08-29 13:21:03,571 - INFO - Filtering points by distance
2025-08-29 13:21:03,571 - INFO - Filtering points with minimum distance of 1.0
2025-08-29 13:21:03,694 - INFO - Processing 14317 points
2025-08-29 13:21:03,765 - INFO - Filtered down to 754 points
2025-08-29 13:21:03,768 - INFO - Original points: 14317
2025-08-29 13:21:03,768 - INFO - Filtered points: 754
2025-08-29 13:21:03,768 - INFO - Getting point elevations
2025-08-29 13:21:03,768 - INFO - Getting elevations for 754 points with batch size 300
2025-08-29 13:21:03,773 - INFO - Processing points in batches
2025-08-29 13:21:05,509 - INFO - Adding elevation data to GeoDataFrame
2025-08-29 13:21:05,509 - INFO - Smoothing elevations
2025-08-29 13:21:05,509 - INFO - Starting elevation smoothing with threshold=0.5 and n_neighbors=20
2025-08-29 13:21:05,509 - INFO - Converting point coordinates to array
2025-08-29 13:21:05,515 - INFO - Building KDTree for nearest neighbor search
2025-08-29 13:21:05,515 - INFO - Getting elevation values
2025-08-29 13:21:05,515 - INFO - Processing 754 points
2025-08-29 13:21:05,530 - INFO - Elevation smoothing completed
2025-08-29 13:21:05,530 - INFO - Points before smoothing: 754
2025-08-29 13:21:05,530 - INFO - Points after smoothing: 754
2025-08-29 13:21:05,530 - INFO - Saving results to file
2025-08-29 13:21:05,540 - INFO - Created 754 records
2025-08-29 13:21:05,541 - INFO - Processing completed
2025-08-29 13:21:38,690 - INFO - Starting main processing
2025-08-29 13:21:38,692 - INFO - Configuration: {'input_shapefile': '/home/pedro/Documents/Documents/projects/pointcloud/zim_results/inputs/object_extractions_Poppenhausen/object_extractions/v3/street_pg.shp', 'point_cloud_path': '/home/pedro/Documents/Documents/projects/pointcloud/zim_results/output/poppenhausen_street_ground.las', 'output_directory': '/home/pedro/Documents/Documents/projects/pointcloud/zim_results/output/', 'filename': 'poppenhausen_street', 'skeleton_resolution': 0.05, 'erode_radius': 50, 'min_distance': 1.0, 'batch_size': 300, 'k_nearest': 10}
2025-08-29 13:21:38,692 - INFO - Loading input shapefile
2025-08-29 13:21:38,743 - INFO - Loading point cloud data
2025-08-29 13:21:38,954 - INFO - Output directory set to: /home/pedro/Documents/Documents/projects/pointcloud/zim_results/output/
2025-08-29 13:21:38,954 - INFO - Filtering street features
2025-08-29 13:21:38,955 - INFO - Merging geometries
2025-08-29 13:21:39,435 - INFO - Creating skeleton
2025-08-29 13:21:39,435 - INFO - Starting skeleton creation
2025-08-29 13:21:39,435 - INFO - Rasterizing geometry with dimensions 10507x12808
2025-08-29 13:21:41,284 - INFO - Performing binary erosion with radius 50
2025-08-29 13:21:46,479 - INFO - Creating skeleton
2025-08-29 13:21:58,971 - INFO - Converting skeleton to lines
2025-08-29 13:22:06,764 - INFO - Created 14317 line segments
2025-08-29 13:22:06,777 - INFO - Calculating midpoints
2025-08-29 13:22:06,938 - INFO - Filtering points by distance
2025-08-29 13:22:06,938 - INFO - Filtering points with minimum distance of 1.0
2025-08-29 13:22:06,943 - INFO - Processing 14317 points
2025-08-29 13:22:36,845 - INFO - Filtered down to 755 points
2025-08-29 13:22:36,847 - INFO - Original points: 14317
2025-08-29 13:22:36,847 - INFO - Filtered points: 755
2025-08-29 13:22:36,847 - INFO - Getting point elevations
2025-08-29 13:22:36,847 - INFO - Getting elevations for 755 points with batch size 300
2025-08-29 13:22:36,853 - INFO - Processing points in batches
2025-08-29 13:22:38,598 - INFO - Adding elevation data to GeoDataFrame
2025-08-29 13:22:38,599 - INFO - Smoothing elevations
2025-08-29 13:22:38,599 - INFO - Starting elevation smoothing with threshold=0.5 and n_neighbors=20
2025-08-29 13:22:38,599 - INFO - Converting point coordinates to array
2025-08-29 13:22:38,605 - INFO - Building KDTree for nearest neighbor search
2025-08-29 13:22:38,605 - INFO - Getting elevation values
2025-08-29 13:22:38,605 - INFO - Processing 755 points
2025-08-29 13:22:38,620 - INFO - Elevation smoothing completed
2025-08-29 13:22:38,620 - INFO - Points before smoothing: 755
2025-08-29 13:22:38,620 - INFO - Points after smoothing: 755
2025-08-29 13:22:38,620 - INFO - Saving results to file
2025-08-29 13:22:38,630 - INFO - Created 755 records
2025-08-29 13:22:38,630 - INFO - Processing completed
2025-08-29 13:23:20,371 - INFO - Starting main processing
2025-08-29 13:23:20,373 - INFO - Configuration: {'input_shapefile': '/home/pedro/Documents/Documents/projects/pointcloud/zim_results/inputs/object_extractions_Poppenhausen/object_extractions/v3/street_pg.shp', 'point_cloud_path': '/home/pedro/Documents/Documents/projects/pointcloud/zim_results/output/poppenhausen_street_ground.las', 'output_directory': '/home/pedro/Documents/Documents/projects/pointcloud/zim_results/output/', 'filename': 'poppenhausen_street', 'skeleton_resolution': 0.05, 'erode_radius': 30, 'min_distance': 2.0, 'batch_size': 300, 'k_nearest': 10}
2025-08-29 13:23:20,373 - INFO - Loading input shapefile
2025-08-29 13:23:20,421 - INFO - Loading point cloud data
2025-08-29 13:23:20,631 - INFO - Output directory set to: /home/pedro/Documents/Documents/projects/pointcloud/zim_results/output/
2025-08-29 13:23:20,631 - INFO - Filtering street features
2025-08-29 13:23:20,632 - INFO - Merging geometries
2025-08-29 13:23:21,114 - INFO - Creating skeleton
2025-08-29 13:23:21,115 - INFO - Starting skeleton creation
2025-08-29 13:23:21,115 - INFO - Rasterizing geometry with dimensions 10507x12808
2025-08-29 13:23:22,898 - INFO - Performing binary erosion with radius 30
2025-08-29 13:23:26,540 - INFO - Creating skeleton
2025-08-29 13:23:41,053 - INFO - Converting skeleton to lines
2025-08-29 13:23:48,803 - INFO - Created 44848 line segments
2025-08-29 13:23:48,836 - INFO - Calculating midpoints
2025-08-29 13:23:49,352 - INFO - Filtering points by distance
2025-08-29 13:23:49,352 - INFO - Filtering points with minimum distance of 2.0
2025-08-29 13:23:49,369 - INFO - Processing 44848 points
2025-08-29 13:26:08,830 - INFO - Filtered down to 1157 points
2025-08-29 13:26:08,832 - INFO - Original points: 44848
2025-08-29 13:26:08,832 - INFO - Filtered points: 1157
2025-08-29 13:26:08,832 - INFO - Getting point elevations
2025-08-29 13:26:08,833 - INFO - Getting elevations for 1157 points with batch size 300
2025-08-29 13:26:08,841 - INFO - Processing points in batches
2025-08-29 13:26:10,640 - INFO - Adding elevation data to GeoDataFrame
2025-08-29 13:26:10,641 - INFO - Smoothing elevations
2025-08-29 13:26:10,641 - INFO - Starting elevation smoothing with threshold=0.5 and n_neighbors=20
2025-08-29 13:26:10,641 - INFO - Converting point coordinates to array
2025-08-29 13:26:10,650 - INFO - Building KDTree for nearest neighbor search
2025-08-29 13:26:10,650 - INFO - Getting elevation values
2025-08-29 13:26:10,650 - INFO - Processing 1157 points
2025-08-29 13:26:10,673 - INFO - Elevation smoothing completed
2025-08-29 13:26:10,674 - INFO - Points before smoothing: 1157
2025-08-29 13:26:10,674 - INFO - Points after smoothing: 1157
2025-08-29 13:26:10,674 - INFO - Saving results to file
2025-08-29 13:26:10,687 - INFO - Created 1,157 records
2025-08-29 13:26:10,687 - INFO - Processing completed
2025-08-29 13:27:20,537 - INFO - Starting main processing
2025-08-29 13:27:20,538 - INFO - Configuration: {'input_shapefile': '/home/pedro/Documents/Documents/projects/pointcloud/zim_results/inputs/object_extractions_Poppenhausen/object_extractions/v3/street_pg.shp', 'point_cloud_path': '/home/pedro/Documents/Documents/projects/pointcloud/zim_results/output/poppenhausen_street_ground.las', 'output_directory': '/home/pedro/Documents/Documents/projects/pointcloud/zim_results/output/', 'filename': 'poppenhausen_street2', 'skeleton_resolution': 0.05, 'erode_radius': 30, 'min_distance': 2.0, 'batch_size': 300, 'k_nearest': 10}
2025-08-29 13:27:20,538 - INFO - Loading input shapefile
2025-08-29 13:27:20,587 - INFO - Loading point cloud data
2025-08-29 13:27:20,793 - INFO - Output directory set to: /home/pedro/Documents/Documents/projects/pointcloud/zim_results/output/
2025-08-29 13:27:20,793 - INFO - Filtering street features
2025-08-29 13:27:20,795 - INFO - Merging geometries
2025-08-29 13:27:21,329 - INFO - Creating skeleton
2025-08-29 13:27:21,329 - INFO - Starting skeleton creation
2025-08-29 13:27:21,329 - INFO - Rasterizing geometry with dimensions 10507x12808
2025-08-29 13:27:23,406 - INFO - Performing binary erosion with radius 30
2025-08-29 13:27:27,198 - INFO - Creating skeleton
2025-08-29 13:27:41,672 - INFO - Converting skeleton to lines
2025-08-29 13:27:49,488 - INFO - Created 48841 line segments
2025-08-29 13:27:49,524 - INFO - Calculating midpoints
2025-08-29 13:27:50,087 - INFO - Filtering points by distance
2025-08-29 13:27:50,087 - INFO - Filtering points with minimum distance of 2.0
2025-08-29 13:27:50,438 - INFO - Processing 48841 points
2025-08-29 13:27:50,829 - INFO - Filtered down to 1272 points
2025-08-29 13:27:50,832 - INFO - Original points: 48841
2025-08-29 13:27:50,832 - INFO - Filtered points: 1272
2025-08-29 13:27:50,832 - INFO - Getting point elevations
2025-08-29 13:27:50,832 - INFO - Getting elevations for 1272 points with batch size 300
2025-08-29 13:27:50,841 - INFO - Processing points in batches
2025-08-29 13:27:52,631 - INFO - Adding elevation data to GeoDataFrame
2025-08-29 13:27:52,632 - INFO - Smoothing elevations
2025-08-29 13:27:52,632 - INFO - Starting elevation smoothing with threshold=0.5 and n_neighbors=20
2025-08-29 13:27:52,632 - INFO - Converting point coordinates to array
2025-08-29 13:27:52,641 - INFO - Building KDTree for nearest neighbor search
2025-08-29 13:27:52,641 - INFO - Getting elevation values
2025-08-29 13:27:52,641 - INFO - Processing 1272 points
2025-08-29 13:27:52,667 - INFO - Elevation smoothing completed
2025-08-29 13:27:52,667 - INFO - Points before smoothing: 1272
2025-08-29 13:27:52,667 - INFO - Points after smoothing: 1272
2025-08-29 13:27:52,667 - INFO - Saving results to file
2025-08-29 13:27:52,681 - INFO - Created 1,272 records
2025-08-29 13:27:52,681 - INFO - Processing completed
2025-08-29 13:29:03,954 - INFO - Starting main processing
2025-08-29 13:29:03,956 - INFO - Configuration: {'input_shapefile': '/home/pedro/Documents/Documents/projects/pointcloud/zim_results/inputs/object_extractions_Poppenhausen/object_extractions/v3/street_pg.shp', 'point_cloud_path': '/home/pedro/Documents/Documents/projects/pointcloud/zim_results/output/poppenhausen_street_ground.las', 'output_directory': '/home/pedro/Documents/Documents/projects/pointcloud/zim_results/output/', 'filename': 'poppenhausen_street', 'skeleton_resolution': 0.05, 'erode_radius': 30, 'min_distance': 2.0, 'batch_size': 300, 'k_nearest': 10}
2025-08-29 13:29:03,956 - INFO - Loading input shapefile
2025-08-29 13:29:04,005 - INFO - Loading point cloud data
2025-08-29 13:29:04,221 - INFO - Output directory set to: /home/pedro/Documents/Documents/projects/pointcloud/zim_results/output/
2025-08-29 13:29:04,221 - INFO - Filtering street features
2025-08-29 13:29:04,222 - INFO - Merging geometries
2025-08-29 13:29:04,787 - INFO - Creating skeleton
2025-08-29 13:29:04,787 - INFO - Starting skeleton creation
2025-08-29 13:29:04,787 - INFO - Rasterizing geometry with dimensions 10507x12808
2025-08-29 13:29:06,889 - INFO - Performing binary erosion with radius 30
2025-08-29 13:29:10,753 - INFO - Creating skeleton
2025-08-29 13:29:25,344 - INFO - Converting skeleton to lines
2025-08-29 13:29:33,224 - INFO - Created 48841 line segments
2025-08-29 13:29:33,259 - INFO - Calculating midpoints
2025-08-29 13:29:33,820 - INFO - Filtering points by distance
2025-08-29 13:29:33,820 - INFO - Filtering points with minimum distance of 2.0
2025-08-29 13:29:34,175 - INFO - Processing 48841 points
2025-08-29 13:29:34,560 - INFO - Filtered down to 1272 points
2025-08-29 13:29:34,563 - INFO - Original points: 48841
2025-08-29 13:29:34,563 - INFO - Filtered points: 1272
2025-08-29 13:29:34,563 - INFO - Getting point elevations
2025-08-29 13:29:34,563 - INFO - Getting elevations for 1272 points with batch size 300
2025-08-29 13:29:34,572 - INFO - Processing points in batches
2025-08-29 13:29:36,379 - INFO - Adding elevation data to GeoDataFrame
2025-08-29 13:29:36,379 - INFO - Smoothing elevations
2025-08-29 13:29:36,379 - INFO - Starting elevation smoothing with threshold=0.5 and n_neighbors=20
2025-08-29 13:29:36,379 - INFO - Converting point coordinates to array
2025-08-29 13:29:36,389 - INFO - Building KDTree for nearest neighbor search
2025-08-29 13:29:36,389 - INFO - Getting elevation values
2025-08-29 13:29:36,390 - INFO - Processing 1272 points
2025-08-29 13:29:36,414 - INFO - Elevation smoothing completed
2025-08-29 13:29:36,415 - INFO - Points before smoothing: 1272
2025-08-29 13:29:36,415 - INFO - Points after smoothing: 1272
2025-08-29 13:29:36,415 - INFO - Saving results to file
2025-08-29 13:29:36,429 - INFO - Created 1,272 records
2025-08-29 13:29:36,429 - INFO - Processing completed
2025-08-29 13:31:26,233 - INFO - Starting main processing
2025-08-29 13:31:26,235 - INFO - Configuration: {'input_shapefile': '/home/pedro/Documents/Documents/projects/pointcloud/zim_results/inputs/object_extractions_Maibach/object_extractions/v3/street_pg.shp', 'point_cloud_path': '/home/pedro/Documents/Documents/projects/pointcloud/zim_results/output/maibach_street_ground.las', 'output_directory': '/home/pedro/Documents/Documents/projects/pointcloud/zim_results/output/', 'filename': 'maibach_street', 'skeleton_resolution': 0.05, 'erode_radius': 30, 'min_distance': 2.0, 'batch_size': 300, 'k_nearest': 10}
2025-08-29 13:31:26,235 - INFO - Loading input shapefile
2025-08-29 13:31:26,295 - INFO - Loading point cloud data
2025-08-29 13:31:26,737 - INFO - Output directory set to: /home/pedro/Documents/Documents/projects/pointcloud/zim_results/output/
2025-08-29 13:31:26,737 - INFO - Filtering street features
2025-08-29 13:31:26,739 - INFO - Merging geometries
2025-08-29 13:31:28,263 - INFO - Creating skeleton
2025-08-29 13:31:28,263 - INFO - Starting skeleton creation
2025-08-29 13:31:28,264 - INFO - Rasterizing geometry with dimensions 18440x20338
2025-08-29 13:31:30,493 - INFO - Performing binary erosion with radius 30
2025-08-29 13:31:42,012 - INFO - Creating skeleton
2025-08-29 13:32:27,074 - INFO - Converting skeleton to lines
2025-08-29 13:32:48,667 - INFO - Created 119914 line segments
2025-08-29 13:32:48,749 - INFO - Calculating midpoints
2025-08-29 13:32:50,140 - INFO - Filtering points by distance
2025-08-29 13:32:50,140 - INFO - Filtering points with minimum distance of 2.0
2025-08-29 13:32:51,088 - INFO - Processing 119914 points
2025-08-29 13:32:53,231 - INFO - Filtered down to 3021 points
2025-08-29 13:32:53,235 - INFO - Original points: 119914
2025-08-29 13:32:53,236 - INFO - Filtered points: 3021
2025-08-29 13:32:53,236 - INFO - Getting point elevations
2025-08-29 13:32:53,236 - INFO - Getting elevations for 3021 points with batch size 300
2025-08-29 13:32:53,258 - INFO - Processing points in batches
2025-08-29 13:32:56,432 - INFO - Adding elevation data to GeoDataFrame
2025-08-29 13:32:56,433 - INFO - Smoothing elevations
2025-08-29 13:32:56,433 - INFO - Starting elevation smoothing with threshold=0.5 and n_neighbors=20
2025-08-29 13:32:56,433 - INFO - Converting point coordinates to array
2025-08-29 13:32:56,456 - INFO - Building KDTree for nearest neighbor search
2025-08-29 13:32:56,456 - INFO - Getting elevation values
2025-08-29 13:32:56,456 - INFO - Processing 3021 points
2025-08-29 13:32:56,518 - INFO - Elevation smoothing completed
2025-08-29 13:32:56,518 - INFO - Points before smoothing: 3021
2025-08-29 13:32:56,518 - INFO - Points after smoothing: 3021
2025-08-29 13:32:56,518 - INFO - Saving results to file
2025-08-29 13:32:56,546 - INFO - Created 3,021 records
2025-08-29 13:32:56,546 - INFO - Processing completed
2026-01-26 13:12:44,582 - INFO - Starting main processing
2026-01-26 13:12:44,583 - ERROR - Error occurred: [Errno 2] No such file or directory: './config.'
2026-01-26 13:12:50,347 - INFO - Starting main processing
2026-01-26 13:12:50,348 - INFO - Configuration: {'input_shapefile': '/home/pedro/Documents/Documents/projects/pointcloud/zim_results/inputs/object_extractions_Maibach/object_extractions/v3/street_pg.shp', 'point_cloud_path': '/home/pedro/Documents/Documents/projects/pointcloud/zim_results/output/maibach_street.las', 'output_directory': '/home/pedro/Documents/Documents/projects/pointcloud/zim_results/output/', 'filename': 'maibach_street', 'skeleton_resolution': 0.05, 'erode_radius': 30, 'min_distance': 2.0, 'batch_size': 300, 'k_nearest': 10}
2026-01-26 13:12:50,348 - INFO - Loading input shapefile
2026-01-26 13:12:50,404 - INFO - Loading point cloud data
2026-01-26 13:12:50,529 - INFO - Output directory set to: /home/pedro/Documents/Documents/projects/pointcloud/zim_results/output/
2026-01-26 13:12:50,529 - INFO - Filtering street features
2026-01-26 13:12:50,530 - INFO - Merging geometries
2026-01-26 13:12:51,947 - INFO - Creating skeleton
2026-01-26 13:12:51,947 - INFO - Starting skeleton creation
2026-01-26 13:12:51,947 - INFO - Rasterizing geometry with dimensions 18440x20338
2026-01-26 13:12:54,507 - INFO - Performing binary erosion with radius 30
2026-01-26 13:13:05,530 - INFO - Creating skeleton
2026-01-26 13:13:48,318 - INFO - Converting skeleton to lines
2026-01-26 13:14:09,781 - INFO - Created 119914 line segments
2026-01-26 13:14:09,861 - INFO - Calculating midpoints
2026-01-26 13:14:11,194 - INFO - Filtering points by distance
2026-01-26 13:14:11,194 - INFO - Filtering points with minimum distance of 2.0
2026-01-26 13:14:12,074 - INFO - Processing 119914 points
2026-01-26 13:14:14,184 - INFO - Filtered down to 3021 points
2026-01-26 13:14:14,188 - INFO - Original points: 119914
2026-01-26 13:14:14,189 - INFO - Filtered points: 3021
2026-01-26 13:14:14,189 - INFO - Getting point elevations
2026-01-26 13:14:14,189 - INFO - Getting elevations for 3021 points with batch size 300
2026-01-26 13:14:14,209 - INFO - Processing points in batches
2026-01-26 13:14:15,553 - INFO - Adding elevation data to GeoDataFrame
2026-01-26 13:14:15,553 - INFO - Smoothing elevations
2026-01-26 13:14:15,553 - INFO - Starting elevation smoothing with threshold=0.5 and n_neighbors=20
2026-01-26 13:14:15,554 - INFO - Converting point coordinates to array
2026-01-26 13:14:15,575 - INFO - Building KDTree for nearest neighbor search
2026-01-26 13:14:15,575 - INFO - Getting elevation values
2026-01-26 13:14:15,575 - INFO - Processing 3021 points
2026-01-26 13:14:15,633 - INFO - Elevation smoothing completed
2026-01-26 13:14:15,633 - INFO - Points before smoothing: 3021
2026-01-26 13:14:15,633 - INFO - Points after smoothing: 3021
2026-01-26 13:14:15,633 - INFO - Saving results to file
2026-01-26 13:14:15,676 - INFO - Created 3,021 records
2026-01-26 13:14:15,676 - INFO - Processing completed
2026-01-26 13:31:17,092 - INFO - Starting main processing
2026-01-26 13:31:17,093 - INFO - Configuration: {'input_shapefile': '/home/pedro/Documents/Documents/projects/pointcloud/zim_results/inputs/object_extractions_Poppenhausen/object_extractions/v3/street_pg.shp', 'point_cloud_path': '/home/pedro/Documents/Documents/projects/pointcloud/zim_results/output/poppenhausen_street.las', 'output_directory': '/home/pedro/Documents/Documents/projects/pointcloud/zim_results/output/', 'filename': 'poppenhausen_street', 'skeleton_resolution': 0.05, 'erode_radius': 30, 'min_distance': 2.0, 'batch_size': 300, 'k_nearest': 10}
2026-01-26 13:31:17,093 - INFO - Loading input shapefile
2026-01-26 13:31:17,140 - INFO - Loading point cloud data
2026-01-26 13:31:17,284 - INFO - Output directory set to: /home/pedro/Documents/Documents/projects/pointcloud/zim_results/output/
2026-01-26 13:31:17,285 - INFO - Filtering street features
2026-01-26 13:31:17,286 - INFO - Merging geometries
2026-01-26 13:31:17,778 - INFO - Creating skeleton
2026-01-26 13:31:17,778 - INFO - Starting skeleton creation
2026-01-26 13:31:17,779 - INFO - Rasterizing geometry with dimensions 10507x12808
2026-01-26 13:31:19,836 - INFO - Performing binary erosion with radius 30
2026-01-26 13:31:23,523 - INFO - Creating skeleton
2026-01-26 13:31:37,834 - INFO - Converting skeleton to lines
2026-01-26 13:31:45,820 - INFO - Created 48841 line segments
2026-01-26 13:31:45,853 - INFO - Calculating midpoints
2026-01-26 13:31:46,447 - INFO - Filtering points by distance
2026-01-26 13:31:46,447 - INFO - Filtering points with minimum distance of 2.0
2026-01-26 13:31:46,801 - INFO - Processing 48841 points
2026-01-26 13:31:47,173 - INFO - Filtered down to 1272 points
2026-01-26 13:31:47,175 - INFO - Original points: 48841
2026-01-26 13:31:47,176 - INFO - Filtered points: 1272
2026-01-26 13:31:47,176 - INFO - Getting point elevations
2026-01-26 13:31:47,176 - INFO - Getting elevations for 1272 points with batch size 300
2026-01-26 13:31:47,185 - INFO - Processing points in batches
2026-01-26 13:31:48,418 - INFO - Adding elevation data to GeoDataFrame
2026-01-26 13:31:48,419 - INFO - Smoothing elevations
2026-01-26 13:31:48,419 - INFO - Starting elevation smoothing with threshold=0.5 and n_neighbors=20
2026-01-26 13:31:48,419 - INFO - Converting point coordinates to array
2026-01-26 13:31:48,428 - INFO - Building KDTree for nearest neighbor search
2026-01-26 13:31:48,428 - INFO - Getting elevation values
2026-01-26 13:31:48,429 - INFO - Processing 1272 points
2026-01-26 13:31:48,453 - INFO - Elevation smoothing completed
2026-01-26 13:31:48,453 - INFO - Points before smoothing: 1272
2026-01-26 13:31:48,453 - INFO - Points after smoothing: 1272
2026-01-26 13:31:48,453 - INFO - Saving results to file
2026-01-26 13:31:48,468 - INFO - Created 1,272 records
2026-01-26 13:31:48,468 - INFO - Processing completed
