2026-01-22 14:48:55,767 - INFO - Configuration: {'point_cloud_1_path': '/home/pedro/Documents/Documents/projects/pointcloud/zim_results/inputs/Poppenhausen_supsampled_random_1.2.las', 'point_cloud_2_path': '/home/pedro/Documents/Documents/projects/pointcloud/zim_results/inputs/Maibach_pointcloud_highquality.las', 'output_output': '/home/pedro/Documents/Documents/projects/pointcloud/zim_results/inputs/'}
2026-01-22 14:50:21,732 - INFO - Original points - PCD1: 100447331, PCD2: 153858117
2026-01-22 14:50:21,732 - INFO - After matching - PCD1: 100447331, PCD2: 64850511
2026-01-22 14:50:21,732 - INFO - Saving matched point clouds...
2026-01-22 14:50:21,732 - INFO - PCD1 unchanged - no downsampling needed
2026-01-22 14:50:32,683 - INFO - PCD2 downsampled and saved to /home/pedro/Documents/Documents/projects/pointcloud/zim_results/inputs/Maibach_pointcloud_highquality_downsampled.las
2026-01-22 15:06:23,418 - INFO - Configuration: {'point_cloud_1_path': '/home/pedro/Documents/Documents/projects/pointcloud/zim_results/curb_training_data/poppenhausen/all.las', 'point_cloud_2_path': '/home/pedro/Documents/Documents/projects/pointcloud/zim_results/curb_training_data/maibach/all.las', 'output_output': '/home/pedro/Documents/Documents/projects/pointcloud/zim_results/curb_training_data/'}
2026-01-22 15:07:05,178 - INFO - Configuration: {'point_cloud_1_path': '/home/pedro/Documents/Documents/projects/pointcloud/zim_results/curb_training_data/poppenhausen/all.las', 'point_cloud_2_path': '/home/pedro/Documents/Documents/projects/pointcloud/zim_results/curb_training_data/maibach/all.las', 'output_output': '/home/pedro/Documents/Documents/projects/pointcloud/zim_results/curb_training_data/'}
2026-01-22 15:11:33,947 - INFO - Configuration: {'point_cloud_1_path': '/home/pedro/Documents/Documents/projects/pointcloud/zim_results/curb_training_data/poppenhausen/all.las', 'point_cloud_2_path': '/home/pedro/Documents/Documents/projects/pointcloud/zim_results/curb_training_data/maibach/all.las', 'output_output': '/home/pedro/Documents/Documents/projects/pointcloud/zim_results/curb_training_data/'}
2026-01-22 15:11:39,766 - INFO - Original points - PCD1: 10310184, PCD2: 9028413
2026-01-22 15:11:39,766 - INFO - After matching - PCD1: 10310184, PCD2: 6699176
2026-01-22 15:11:39,766 - INFO - Saving matched point clouds...
2026-01-22 15:11:39,766 - INFO - PCD1 unchanged - no downsampling needed
2026-01-22 15:11:41,376 - INFO - PCD2 downsampled and saved to /home/pedro/Documents/Documents/projects/pointcloud/zim_results/curb_training_data/all_downsampled.las
2026-01-22 15:16:34,811 - INFO - Configuration: {'point_cloud_1_path': '/home/pedro/Documents/Documents/projects/pointcloud/zim_results/curb_training_data/poppenhausen/all.las', 'point_cloud_2_path': '/home/pedro/Documents/Documents/projects/pointcloud/zim_results/curb_training_data/maibach/all.las', 'output_output': '/home/pedro/Documents/Documents/projects/pointcloud/zim_results/curb_training_data/'}
2026-01-22 15:16:50,834 - INFO - Configuration: {'point_cloud_1_path': '/home/pedro/Documents/Documents/projects/pointcloud/zim_results/curb_training_data/poppenhausen/all.las', 'point_cloud_2_path': '/home/pedro/Documents/Documents/projects/pointcloud/zim_results/curb_training_data/maibach/all.las', 'output_output': '/home/pedro/Documents/Documents/projects/pointcloud/zim_results/curb_training_data/'}
2026-01-22 15:17:49,543 - INFO - Configuration: {'point_cloud_1_path': '/home/pedro/Documents/Documents/projects/pointcloud/zim_results/curb_training_data/poppenhausen/all.las', 'point_cloud_2_path': '/home/pedro/Documents/Documents/projects/pointcloud/zim_results/curb_training_data/maibach/all.las', 'output_output': '/home/pedro/Documents/Documents/projects/pointcloud/zim_results/curb_training_data/'}
2026-01-22 15:17:59,403 - INFO - Configuration: {'point_cloud_1_path': '/home/pedro/Documents/Documents/projects/pointcloud/zim_results/curb_training_data/poppenhausen/all.las', 'point_cloud_2_path': '/home/pedro/Documents/Documents/projects/pointcloud/zim_results/curb_training_data/maibach/all.las', 'output_output': '/home/pedro/Documents/Documents/projects/pointcloud/zim_results/curb_training_data/'}
2026-01-22 15:18:54,710 - INFO - Configuration: {'point_cloud_1_path': '/home/pedro/Documents/Documents/projects/pointcloud/zim_results/curb_training_data/poppenhausen/all.las', 'point_cloud_2_path': '/home/pedro/Documents/Documents/projects/pointcloud/zim_results/curb_training_data/maibach/all.las', 'output_output': '/home/pedro/Documents/Documents/projects/pointcloud/zim_results/curb_training_data/'}
2026-01-22 15:19:45,038 - INFO - Configuration: {'point_cloud_1_path': '/home/pedro/Documents/Documents/projects/pointcloud/zim_results/curb_training_data/poppenhausen/all.las', 'point_cloud_2_path': '/home/pedro/Documents/Documents/projects/pointcloud/zim_results/curb_training_data/maibach/all.las', 'output_output': '/home/pedro/Documents/Documents/projects/pointcloud/zim_results/curb_training_data/'}
2026-01-22 15:20:52,167 - INFO - Configuration: {'point_cloud_1_path': '/home/pedro/Documents/Documents/projects/pointcloud/zim_results/curb_training_data/poppenhausen/all.las', 'point_cloud_2_path': '/home/pedro/Documents/Documents/projects/pointcloud/zim_results/curb_training_data/maibach/all.las', 'output_output': '/home/pedro/Documents/Documents/projects/pointcloud/zim_results/curb_training_data/'}
2026-01-22 15:22:31,375 - INFO - Configuration: {'point_cloud_1_path': '/home/pedro/Documents/Documents/projects/pointcloud/zim_results/curb_training_data/poppenhausen/all.las', 'point_cloud_2_path': '/home/pedro/Documents/Documents/projects/pointcloud/zim_results/curb_training_data/maibach/all.las', 'output_output': '/home/pedro/Documents/Documents/projects/pointcloud/zim_results/curb_training_data/'}
2026-01-22 15:23:04,737 - INFO - Configuration: {'point_cloud_1_path': '/home/pedro/Documents/Documents/projects/pointcloud/zim_results/curb_training_data/poppenhausen/all.las', 'point_cloud_2_path': '/home/pedro/Documents/Documents/projects/pointcloud/zim_results/curb_training_data/maibach/all.las', 'output_output': '/home/pedro/Documents/Documents/projects/pointcloud/zim_results/curb_training_data/'}
2026-01-22 15:24:20,080 - INFO - Configuration: {'point_cloud_1_path': '/home/pedro/Documents/Documents/projects/pointcloud/zim_results/curb_training_data/poppenhausen/all.las', 'point_cloud_2_path': '/home/pedro/Documents/Documents/projects/pointcloud/zim_results/curb_training_data/maibach/all.las', 'output_output': '/home/pedro/Documents/Documents/projects/pointcloud/zim_results/curb_training_data/'}
2026-01-22 15:24:50,240 - INFO - Configuration: {'point_cloud_1_path': '/home/pedro/Documents/Documents/projects/pointcloud/zim_results/curb_training_data/maibach/all.las', 'point_cloud_2_path': '/home/pedro/Documents/Documents/projects/pointcloud/zim_results/curb_training_data/maibach/all.las', 'output_output': '/home/pedro/Documents/Documents/projects/pointcloud/zim_results/curb_training_data/'}
2026-01-22 15:26:33,268 - INFO - Configuration: {'point_cloud_1_path': '/home/pedro/Documents/Documents/projects/pointcloud/zim_results/curb_training_data/maibach/all.las', 'point_cloud_2_path': '/home/pedro/Documents/Documents/projects/pointcloud/zim_results/curb_training_data/maibach/all.las', 'output_output': '/home/pedro/Documents/Documents/projects/pointcloud/zim_results/curb_training_data/'}
2026-01-22 15:26:48,676 - INFO - Configuration: {'point_cloud_1_path': '/home/pedro/Documents/Documents/projects/pointcloud/zim_results/curb_training_data/maibach/all.las', 'point_cloud_2_path': '/home/pedro/Documents/Documents/projects/pointcloud/zim_results/curb_training_data/maibach/all.las', 'output_output': '/home/pedro/Documents/Documents/projects/pointcloud/zim_results/curb_training_data/'}
2026-01-22 15:28:04,596 - INFO - Configuration: {'point_cloud_1_path': '/home/pedro/Documents/Documents/projects/pointcloud/zim_results/curb_training_data/maibach/all2.las', 'point_cloud_2_path': '/home/pedro/Documents/Documents/projects/pointcloud/zim_results/curb_training_data/maibach/all2.las', 'output_output': '/home/pedro/Documents/Documents/projects/pointcloud/zim_results/curb_training_data/'}
2026-01-22 15:28:50,671 - INFO - Configuration: {'point_cloud_1_path': '/home/pedro/Documents/Documents/projects/pointcloud/zim_results/curb_training_data/poppenhausen/all2.las', 'point_cloud_2_path': '/home/pedro/Documents/Documents/projects/pointcloud/zim_results/curb_training_data/maibach/all2.las', 'output_output': '/home/pedro/Documents/Documents/projects/pointcloud/zim_results/curb_training_data/'}
2026-01-22 15:29:04,226 - INFO - Configuration: {'point_cloud_1_path': '/home/pedro/Documents/Documents/projects/pointcloud/zim_results/curb_training_data/poppenhausen/all2.las', 'point_cloud_2_path': '/home/pedro/Documents/Documents/projects/pointcloud/zim_results/curb_training_data/maibach/all2.las', 'output_output': '/home/pedro/Documents/Documents/projects/pointcloud/zim_results/curb_training_data/'}
2026-01-22 15:29:09,969 - INFO - Original points - PCD1: 10310184, PCD2: 9028413
2026-01-22 15:29:09,969 - INFO - After matching - PCD1: 10310184, PCD2: 6699176
2026-01-22 15:29:09,970 - INFO - Saving matched point clouds...
2026-01-22 15:29:09,970 - INFO - PCD1 unchanged - no downsampling needed
2026-01-22 15:29:11,535 - INFO - PCD2 downsampled and saved to /home/pedro/Documents/Documents/projects/pointcloud/zim_results/curb_training_data/all2_downsampled.las
2026-01-22 15:34:23,406 - INFO - Configuration: {'point_cloud_1_path': '/home/pedro/Documents/Documents/projects/pointcloud/zim_results/curb_training_data/poppenhausen/all2.las', 'point_cloud_2_path': '/home/pedro/Documents/Documents/projects/pointcloud/zim_results/curb_training_data/maibach/all2.las', 'output_output': '/home/pedro/Documents/Documents/projects/pointcloud/zim_results/curb_training_data/'}
2026-01-22 15:34:29,161 - INFO - Original points - PCD1: 10310184, PCD2: 9028413
2026-01-22 15:34:29,161 - INFO - After matching - PCD1: 10310184, PCD2: 6699176
2026-01-22 15:34:29,161 - INFO - Saving matched point clouds...
2026-01-22 15:34:29,161 - INFO - PCD1 unchanged - no downsampling needed
2026-01-22 15:34:30,778 - INFO - PCD2 downsampled and saved to /home/pedro/Documents/Documents/projects/pointcloud/zim_results/curb_training_data/all2_downsampled.las
2026-01-22 15:35:53,823 - INFO - Configuration: {'point_cloud_1_path': '/home/pedro/Documents/Documents/projects/pointcloud/zim_results/curb_training_data/poppenhausen/all2.las', 'point_cloud_2_path': '/home/pedro/Documents/Documents/projects/pointcloud/zim_results/curb_training_data/maibach/all2.las', 'output_output': '/home/pedro/Documents/Documents/projects/pointcloud/zim_results/curb_training_data/'}
2026-01-22 15:36:29,663 - INFO - Configuration: {'point_cloud_1_path': '/home/pedro/Documents/Documents/projects/pointcloud/zim_results/curb_training_data/poppenhausen/all2.las', 'point_cloud_2_path': '/home/pedro/Documents/Documents/projects/pointcloud/zim_results/curb_training_data/maibach/all2.las', 'output_output': '/home/pedro/Documents/Documents/projects/pointcloud/zim_results/curb_training_data/'}
2026-01-22 15:36:35,697 - INFO - Original points - PCD1: 10310184, PCD2: 9028413
2026-01-22 15:36:35,698 - INFO - After matching - PCD1: 10310184, PCD2: 6699176
2026-01-22 15:36:35,698 - INFO - Saving matched point clouds...
2026-01-22 15:36:35,698 - INFO - PCD1 unchanged - no downsampling needed
2026-01-22 15:36:40,396 - INFO - PCD2 downsampled and saved to /home/pedro/Documents/Documents/projects/pointcloud/zim_results/curb_training_data/all2_downsampled.las
2026-01-22 15:37:16,689 - INFO - Configuration: {'point_cloud_1_path': '/home/pedro/Documents/Documents/projects/pointcloud/zim_results/curb_training_data/poppenhausen/all2.las', 'point_cloud_2_path': '/home/pedro/Documents/Documents/projects/pointcloud/zim_results/curb_training_data/maibach/all2.las', 'output_output': '/home/pedro/Documents/Documents/projects/pointcloud/zim_results/curb_training_data/'}
2026-01-22 15:37:22,769 - INFO - Original points - PCD1: 10310184, PCD2: 9028413
2026-01-22 15:37:22,769 - INFO - After matching - PCD1: 10310184, PCD2: 6699176
2026-01-22 15:37:22,769 - INFO - Saving matched point clouds...
2026-01-22 15:37:22,769 - INFO - PCD1 unchanged - no downsampling needed
2026-01-22 15:37:27,472 - INFO - PCD2 downsampled and saved to /home/pedro/Documents/Documents/projects/pointcloud/zim_results/curb_training_data/all2_downsampled.las
2026-01-22 15:39:53,942 - INFO - Configuration: {'point_cloud_1_path': '/home/pedro/Documents/Documents/projects/pointcloud/zim_results/curb_training_data/poppenhausen/all2.las', 'point_cloud_2_path': '/home/pedro/Documents/Documents/projects/pointcloud/zim_results/curb_training_data/maibach/all2.las', 'output_output': '/home/pedro/Documents/Documents/projects/pointcloud/zim_results/curb_training_data/'}
2026-01-22 15:40:00,140 - INFO - Original points - PCD1: 10310184, PCD2: 9028413
2026-01-22 15:40:00,140 - INFO - After matching - PCD1: 10310184, PCD2: 6699176
2026-01-22 15:40:00,140 - INFO - Saving matched point clouds...
2026-01-22 15:40:00,140 - INFO - PCD1 unchanged - no downsampling needed
2026-01-22 15:40:20,162 - INFO - Configuration: {'point_cloud_1_path': '/home/pedro/Documents/Documents/projects/pointcloud/zim_results/curb_training_data/poppenhausen/all2.las', 'point_cloud_2_path': '/home/pedro/Documents/Documents/projects/pointcloud/zim_results/curb_training_data/maibach/all2.las', 'output_output': '/home/pedro/Documents/Documents/projects/pointcloud/zim_results/curb_training_data/'}
2026-01-22 15:40:26,207 - INFO - Original points - PCD1: 10310184, PCD2: 9028413
2026-01-22 15:40:26,207 - INFO - After matching - PCD1: 10310184, PCD2: 6699176
2026-01-22 15:40:26,207 - INFO - Saving matched point clouds...
2026-01-22 15:40:26,207 - INFO - PCD1 unchanged - no downsampling needed
2026-01-22 15:41:37,793 - INFO - Configuration: {'point_cloud_1_path': '/home/pedro/Documents/Documents/projects/pointcloud/zim_results/curb_training_data/poppenhausen/all2.las', 'point_cloud_2_path': '/home/pedro/Documents/Documents/projects/pointcloud/zim_results/curb_training_data/maibach/all2.las', 'output_output': '/home/pedro/Documents/Documents/projects/pointcloud/zim_results/curb_training_data/'}
2026-01-22 15:41:43,850 - INFO - Original points - PCD1: 10310184, PCD2: 9028413
2026-01-22 15:41:43,850 - INFO - After matching - PCD1: 10310184, PCD2: 6699176
2026-01-22 15:41:43,850 - INFO - Saving matched point clouds...
2026-01-22 15:41:43,851 - INFO - PCD1 unchanged - no downsampling needed
2026-01-22 15:41:48,648 - INFO - PCD2 downsampled and saved to /home/pedro/Documents/Documents/projects/pointcloud/zim_results/curb_training_data/all2_downsampled.las
2026-01-22 15:42:12,538 - INFO - Configuration: {'point_cloud_1_path': '/home/pedro/Documents/Documents/projects/pointcloud/zim_results/curb_training_data/poppenhausen/all2.las', 'point_cloud_2_path': '/home/pedro/Documents/Documents/projects/pointcloud/zim_results/curb_training_data/maibach/all2.las', 'output_output': '/home/pedro/Documents/Documents/projects/pointcloud/zim_results/curb_training_data/'}
2026-01-22 15:42:18,677 - INFO - Original points - PCD1: 10310184, PCD2: 9028413
2026-01-22 15:42:18,677 - INFO - After matching - PCD1: 10310184, PCD2: 6699176
2026-01-22 15:42:18,677 - INFO - Saving matched point clouds...
2026-01-22 15:42:18,677 - INFO - PCD1 unchanged - no downsampling needed
2026-01-22 15:42:20,198 - INFO - PCD2 downsampled and saved to /home/pedro/Documents/Documents/projects/pointcloud/zim_results/curb_training_data/all2_downsampled.las
2026-01-22 15:43:21,946 - INFO - Configuration: {'point_cloud_1_path': '/home/pedro/Documents/Documents/projects/pointcloud/zim_results/curb_training_data/poppenhausen/all2.las', 'point_cloud_2_path': '/home/pedro/Documents/Documents/projects/pointcloud/zim_results/curb_training_data/maibach/all2.las', 'output_output': '/home/pedro/Documents/Documents/projects/pointcloud/zim_results/curb_training_data/'}
2026-01-22 15:43:28,029 - INFO - Original points - PCD1: 10310184, PCD2: 9028413
2026-01-22 15:43:28,029 - INFO - After matching - PCD1: 10310184, PCD2: 6699176
2026-01-22 15:43:28,029 - INFO - Saving matched point clouds...
2026-01-22 15:43:28,029 - INFO - PCD1 unchanged - no downsampling needed
2026-01-22 15:43:29,601 - INFO - PCD2 downsampled and saved to /home/pedro/Documents/Documents/projects/pointcloud/zim_results/curb_training_data/all2_downsampled.las
