2026-01-23 11:20:44,991 - INFO - Starting script.
2026-01-23 11:20:44,993 - INFO - Configuration: {'las_path': '/home/pedro/Documents/Documents/projects/pointcloud/zim_results/output/maibach_ground.las', 'output_path': '/home/pedro/Documents/Documents/projects/pointcloud/zim_results/output/mesh/maibach_ground_raw.tif', 'output_path_final': '/home/pedro/Documents/Documents/projects/pointcloud/zim_results/output/mesh/maibach_ground_final.tif'}
2026-01-23 11:20:44,993 - INFO - Starting mesh generation from /home/pedro/Documents/Documents/projects/pointcloud/zim_results/output/maibach_ground.las
2026-01-23 11:20:44,993 - INFO - Executing PDAL pipeline...
2026-01-23 11:21:06,858 - ERROR - Unexpected error: module 'pdal.pipeline' has no attribute 'PipelineError'
2026-01-23 11:22:05,253 - INFO - Starting script.
2026-01-23 11:22:05,254 - INFO - Configuration: {'las_path': '/home/pedro/Documents/Documents/projects/pointcloud/zim_results/output/maibach_ground.las', 'output_path': '/home/pedro/Documents/Documents/projects/pointcloud/zim_results/output/mesh/maibach_ground_raw.tif', 'output_path_final': '/home/pedro/Documents/Documents/projects/pointcloud/zim_results/output/mesh/maibach_ground_final.tif'}
2026-01-23 11:22:05,254 - INFO - Starting mesh generation from /home/pedro/Documents/Documents/projects/pointcloud/zim_results/output/maibach_ground.las
2026-01-23 11:22:05,254 - INFO - Executing PDAL pipeline...
2026-01-23 11:22:26,484 - ERROR - Unexpected error: module 'pdal.pipeline' has no attribute 'PipelineError'
2026-01-23 11:23:48,607 - INFO - Starting script.
2026-01-23 11:23:48,608 - INFO - Configuration: {'las_path': '/home/pedro/Documents/Documents/projects/pointcloud/zim_results/output/maibach_ground.las', 'output_path': '/home/pedro/Documents/Documents/projects/pointcloud/zim_results/output/mesh/maibach_ground_raw.tif', 'output_path_final': '/home/pedro/Documents/Documents/projects/pointcloud/zim_results/output/mesh/maibach_ground_final.tif'}
2026-01-23 11:23:48,608 - INFO - Starting mesh generation from /home/pedro/Documents/Documents/projects/pointcloud/zim_results/output/maibach_ground.las
2026-01-23 11:23:48,608 - INFO - Executing PDAL pipeline...
2026-01-23 11:24:10,045 - ERROR - Pipeline execution error: writers.gdal: Unable to open GDAL datasource '/home/pedro/Documents/Documents/projects/pointcloud/zim_results/output/mesh/maibach_ground_raw.tif'.
2026-01-23 11:24:10,045 - ERROR - Unexpected error: writers.gdal: Unable to open GDAL datasource '/home/pedro/Documents/Documents/projects/pointcloud/zim_results/output/mesh/maibach_ground_raw.tif'.
2026-01-23 11:24:48,776 - INFO - Starting script.
2026-01-23 11:24:48,777 - INFO - Configuration: {'las_path': '/home/pedro/Documents/Documents/projects/pointcloud/zim_results/output/maibach_ground.las', 'output_path': '/home/pedro/Documents/Documents/projects/pointcloud/zim_results/output/maibach_ground_raw.tif', 'output_path_final': '/home/pedro/Documents/Documents/projects/pointcloud/zim_results/output/maibach_ground_final.tif'}
2026-01-23 11:24:48,777 - INFO - Starting mesh generation from /home/pedro/Documents/Documents/projects/pointcloud/zim_results/output/maibach_ground.las
2026-01-23 11:24:48,777 - INFO - Executing PDAL pipeline...
2026-01-23 11:25:25,130 - INFO - Reading raw mesh...
2026-01-23 11:25:25,917 - WARNING - CPLE_AppDefined in PROJ: internal_proj_create_from_database: /home/pedro/anaconda3/envs/pointcloud/share/proj/proj.db contains DATABASE.LAYOUT.VERSION.MINOR = 2 whereas a number >= 3 is expected. It comes from another PROJ installation.
2026-01-23 11:25:25,918 - WARNING - CPLE_AppDefined in The definition of projected CRS EPSG:25832 got from GeoTIFF keys is not the same as the one from the EPSG registry, which may cause issues during reprojection operations. Set GTIFF_SRS_SOURCE configuration option to EPSG to use official parameters (overriding the ones from GeoTIFF keys), or to GEOKEYS to use custom values from GeoTIFF keys and drop the EPSG code.
2026-01-23 11:25:25,957 - INFO - Raw mesh shape: (148, 538)
2026-01-23 11:25:25,957 - INFO - Filling nodata values...
2026-01-23 11:25:25,961 - INFO - Saving final mesh to /home/pedro/Documents/Documents/projects/pointcloud/zim_results/output/maibach_ground_final.tif
2026-01-23 11:25:25,991 - INFO - Mesh generation complete
2026-01-23 11:25:26,015 - INFO - DEM generation complete
2026-01-23 11:25:26,015 - INFO - Process finished
2026-01-23 11:25:26,015 - INFO - Mesh saved: /home/pedro/Documents/Documents/projects/pointcloud/zim_results/output/maibach_ground_final.tif
